<?xml version="1.0" encoding="UTF-8"?>
<testng-results skipped="0" failed="0" total="216" passed="216">
  <reporter-output>
  </reporter-output>
  <suite name="AllTests - examples" duration-ms="181221" started-at="2020-05-26T11:48:42Z" finished-at="2020-05-26T11:51:43Z">
    <groups>
      <group name="MYSQL">
        <method signature="Locking.extendedLock()[pri:0, instance:org.jpwh.test.concurrency.Locking@31a5c39e]" name="extendedLock" class="org.jpwh.test.concurrency.Locking"/>
        <method signature="CreateExecuteQueries.createNamedQueries()[pri:0, instance:org.jpwh.test.querying.CreateExecuteQueries@2a742aa2]" name="createNamedQueries" class="org.jpwh.test.querying.CreateExecuteQueries"/>
        <method signature="CreateExecuteQueries.namedQueries()[pri:0, instance:org.jpwh.test.querying.CreateExecuteQueries@2a742aa2]" name="namedQueries" class="org.jpwh.test.querying.CreateExecuteQueries"/>
        <method signature="CreateExecuteQueries.queryHints()[pri:0, instance:org.jpwh.test.querying.CreateExecuteQueries@2a742aa2]" name="queryHints" class="org.jpwh.test.querying.CreateExecuteQueries"/>
        <method signature="BulkStatementsSQL.bulkUpdate()[pri:0, instance:org.jpwh.test.bulkbatch.BulkStatementsSQL@27f723]" name="bulkUpdate" class="org.jpwh.test.bulkbatch.BulkStatementsSQL"/>
        <method signature="BulkStatementsSQL.bulkUpdateHibernate()[pri:0, instance:org.jpwh.test.bulkbatch.BulkStatementsSQL@27f723]" name="bulkUpdateHibernate" class="org.jpwh.test.bulkbatch.BulkStatementsSQL"/>
      </group> <!-- MYSQL -->
      <group name="H2">
        <method signature="SimpleTransitions.replicate()[pri:0, instance:org.jpwh.test.simple.SimpleTransitions@5a61f5df]" name="replicate" class="org.jpwh.test.simple.SimpleTransitions"/>
        <method signature="TablePerClass.jdbcBillingDetailsSqlQuery()[pri:0, instance:org.jpwh.test.inheritance.TablePerClass@5cc7c2a6]" name="jdbcBillingDetailsSqlQuery" class="org.jpwh.test.inheritance.TablePerClass"/>
        <method signature="GeneratedProperties.storeLoadLastModified()[pri:0, instance:org.jpwh.test.advanced.GeneratedProperties@5f375618]" name="storeLoadLastModified" class="org.jpwh.test.advanced.GeneratedProperties"/>
        <method signature="CustomSchema.configurePersistenceUnit()[pri:0, instance:org.jpwh.test.complexschemas.CustomSchema@7cd62f43]" name="configurePersistenceUnit" class="org.jpwh.test.complexschemas.CustomSchema"/>
        <method signature="CustomSchema.storeLoadCheckColumnInvalid()[pri:0, instance:org.jpwh.test.complexschemas.CustomSchema@7cd62f43]" name="storeLoadCheckColumnInvalid" class="org.jpwh.test.complexschemas.CustomSchema"/>
        <method signature="CustomSchema.storeLoadCheckSingleRowInvalid()[pri:0, instance:org.jpwh.test.complexschemas.CustomSchema@7cd62f43]" name="storeLoadCheckSingleRowInvalid" class="org.jpwh.test.complexschemas.CustomSchema"/>
        <method signature="CustomSchema.storeLoadCheckSubselectValid()[pri:0, instance:org.jpwh.test.complexschemas.CustomSchema@7cd62f43]" name="storeLoadCheckSubselectValid" class="org.jpwh.test.complexschemas.CustomSchema"/>
        <method signature="CustomSchema.storeLoadDomainInvalid()[pri:0, instance:org.jpwh.test.complexschemas.CustomSchema@7cd62f43]" name="storeLoadDomainInvalid" class="org.jpwh.test.complexschemas.CustomSchema"/>
        <method signature="CustomSchema.storeLoadUniqueMultiColumnValid()[pri:0, instance:org.jpwh.test.complexschemas.CustomSchema@7cd62f43]" name="storeLoadUniqueMultiColumnValid" class="org.jpwh.test.complexschemas.CustomSchema"/>
        <method signature="CustomSchema.storeLoadValid()[pri:0, instance:org.jpwh.test.complexschemas.CustomSchema@7cd62f43]" name="storeLoadValid" class="org.jpwh.test.complexschemas.CustomSchema"/>
        <method signature="Locking.extendedLock()[pri:0, instance:org.jpwh.test.concurrency.Locking@31a5c39e]" name="extendedLock" class="org.jpwh.test.concurrency.Locking"/>
        <method signature="NonTransactional.autoCommit()[pri:0, instance:org.jpwh.test.concurrency.NonTransactional@5700d6b1]" name="autoCommit" class="org.jpwh.test.concurrency.NonTransactional"/>
        <method signature="ExtendedPC.conversationCreateItem()[pri:0, instance:org.jpwh.test.conversation.ExtendedPC@cb644e]" name="conversationCreateItem" class="org.jpwh.test.conversation.ExtendedPC"/>
        <method signature="ExtendedPC.conversationEditItem()[pri:0, instance:org.jpwh.test.conversation.ExtendedPC@cb644e]" name="conversationEditItem" class="org.jpwh.test.conversation.ExtendedPC"/>
        <method signature="CreateExecuteQueries.createNamedQueries()[pri:0, instance:org.jpwh.test.querying.CreateExecuteQueries@2a742aa2]" name="createNamedQueries" class="org.jpwh.test.querying.CreateExecuteQueries"/>
        <method signature="CreateExecuteQueries.namedQueries()[pri:0, instance:org.jpwh.test.querying.CreateExecuteQueries@2a742aa2]" name="namedQueries" class="org.jpwh.test.querying.CreateExecuteQueries"/>
        <method signature="CreateExecuteQueries.queryHints()[pri:0, instance:org.jpwh.test.querying.CreateExecuteQueries@2a742aa2]" name="queryHints" class="org.jpwh.test.querying.CreateExecuteQueries"/>
        <method signature="HibernateSQLQueries.executeRecursiveQueries()[pri:0, instance:org.jpwh.test.querying.sql.HibernateSQLQueries@76b0bfab]" name="executeRecursiveQueries" class="org.jpwh.test.querying.sql.HibernateSQLQueries"/>
        <method signature="NativeQueries.executeRecursiveQueries()[pri:0, instance:org.jpwh.test.querying.sql.NativeQueries@30a3107a]" name="executeRecursiveQueries" class="org.jpwh.test.querying.sql.NativeQueries"/>
        <method signature="Projection.executeQueriesWithFunctions()[pri:0, instance:org.jpwh.test.querying.criteria.Projection@86be70a]" name="executeQueriesWithFunctions" class="org.jpwh.test.querying.criteria.Projection"/>
        <method signature="Projection.executeQueriesWithFunctions()[pri:0, instance:org.jpwh.test.querying.jpql.Projection@ea1a8d5]" name="executeQueriesWithFunctions" class="org.jpwh.test.querying.jpql.Projection"/>
        <method signature="Restriction.executeQueriesWithFunctions()[pri:0, instance:org.jpwh.test.querying.criteria.Restriction@7d70d1b1]" name="executeQueriesWithFunctions" class="org.jpwh.test.querying.criteria.Restriction"/>
        <method signature="Restriction.executeQueriesWithFunctions()[pri:0, instance:org.jpwh.test.querying.jpql.Restriction@33c7e1bb]" name="executeQueriesWithFunctions" class="org.jpwh.test.querying.jpql.Restriction"/>
        <method signature="CustomSQL.readRestrictedCollection()[pri:0, instance:org.jpwh.test.customsql.CustomSQL@2353b3e6]" name="readRestrictedCollection" class="org.jpwh.test.customsql.CustomSQL"/>
        <method signature="BulkStatementsSQL.bulkUpdate()[pri:0, instance:org.jpwh.test.bulkbatch.BulkStatementsSQL@27f723]" name="bulkUpdate" class="org.jpwh.test.bulkbatch.BulkStatementsSQL"/>
        <method signature="BulkStatementsSQL.bulkUpdateHibernate()[pri:0, instance:org.jpwh.test.bulkbatch.BulkStatementsSQL@27f723]" name="bulkUpdateHibernate" class="org.jpwh.test.bulkbatch.BulkStatementsSQL"/>
      </group> <!-- H2 -->
      <group name="POSTGRESQL">
        <method signature="SimpleTransitions.replicate()[pri:0, instance:org.jpwh.test.simple.SimpleTransitions@5a61f5df]" name="replicate" class="org.jpwh.test.simple.SimpleTransitions"/>
        <method signature="TablePerClass.jdbcBillingDetailsSqlQuery()[pri:0, instance:org.jpwh.test.inheritance.TablePerClass@5cc7c2a6]" name="jdbcBillingDetailsSqlQuery" class="org.jpwh.test.inheritance.TablePerClass"/>
        <method signature="NonTransactional.autoCommit()[pri:0, instance:org.jpwh.test.concurrency.NonTransactional@5700d6b1]" name="autoCommit" class="org.jpwh.test.concurrency.NonTransactional"/>
        <method signature="ExtendedPC.conversationCreateItem()[pri:0, instance:org.jpwh.test.conversation.ExtendedPC@cb644e]" name="conversationCreateItem" class="org.jpwh.test.conversation.ExtendedPC"/>
        <method signature="ExtendedPC.conversationEditItem()[pri:0, instance:org.jpwh.test.conversation.ExtendedPC@cb644e]" name="conversationEditItem" class="org.jpwh.test.conversation.ExtendedPC"/>
        <method signature="CustomSQL.readRestrictedCollection()[pri:0, instance:org.jpwh.test.customsql.CustomSQL@2353b3e6]" name="readRestrictedCollection" class="org.jpwh.test.customsql.CustomSQL"/>
        <method signature="BulkStatementsSQL.bulkUpdate()[pri:0, instance:org.jpwh.test.bulkbatch.BulkStatementsSQL@27f723]" name="bulkUpdate" class="org.jpwh.test.bulkbatch.BulkStatementsSQL"/>
        <method signature="BulkStatementsSQL.bulkUpdateHibernate()[pri:0, instance:org.jpwh.test.bulkbatch.BulkStatementsSQL@27f723]" name="bulkUpdateHibernate" class="org.jpwh.test.bulkbatch.BulkStatementsSQL"/>
      </group> <!-- POSTGRESQL -->
      <group name="ORACLE">
        <method signature="SimpleTransitions.replicate()[pri:0, instance:org.jpwh.test.simple.SimpleTransitions@5a61f5df]" name="replicate" class="org.jpwh.test.simple.SimpleTransitions"/>
        <method signature="Locking.extendedLock()[pri:0, instance:org.jpwh.test.concurrency.Locking@31a5c39e]" name="extendedLock" class="org.jpwh.test.concurrency.Locking"/>
        <method signature="NonTransactional.autoCommit()[pri:0, instance:org.jpwh.test.concurrency.NonTransactional@5700d6b1]" name="autoCommit" class="org.jpwh.test.concurrency.NonTransactional"/>
        <method signature="ExtendedPC.conversationCreateItem()[pri:0, instance:org.jpwh.test.conversation.ExtendedPC@cb644e]" name="conversationCreateItem" class="org.jpwh.test.conversation.ExtendedPC"/>
        <method signature="ExtendedPC.conversationEditItem()[pri:0, instance:org.jpwh.test.conversation.ExtendedPC@cb644e]" name="conversationEditItem" class="org.jpwh.test.conversation.ExtendedPC"/>
        <method signature="CreateExecuteQueries.createNamedQueries()[pri:0, instance:org.jpwh.test.querying.CreateExecuteQueries@2a742aa2]" name="createNamedQueries" class="org.jpwh.test.querying.CreateExecuteQueries"/>
        <method signature="CreateExecuteQueries.namedQueries()[pri:0, instance:org.jpwh.test.querying.CreateExecuteQueries@2a742aa2]" name="namedQueries" class="org.jpwh.test.querying.CreateExecuteQueries"/>
        <method signature="CreateExecuteQueries.queryHints()[pri:0, instance:org.jpwh.test.querying.CreateExecuteQueries@2a742aa2]" name="queryHints" class="org.jpwh.test.querying.CreateExecuteQueries"/>
      </group> <!-- ORACLE -->
    </groups>
    <test name="Hello World" duration-ms="1500" started-at="2020-05-26T11:48:42Z" finished-at="2020-05-26T11:48:43Z">
      <class name="org.jpwh.helloworld.HelloWorldJPA">
        <test-method status="PASS" signature="storeLoadMessage()[pri:0, instance:org.jpwh.helloworld.HelloWorldJPA@3498ed]" name="storeLoadMessage" duration-ms="443" started-at="2020-05-26T17:18:43Z" finished-at="2020-05-26T17:18:43Z">
          <reporter-output>
          </reporter-output>
        </test-method> <!-- storeLoadMessage -->
      </class> <!-- org.jpwh.helloworld.HelloWorldJPA -->
      <class name="org.jpwh.helloworld.HelloWorldHibernate">
        <test-method status="PASS" signature="storeLoadMessage()[pri:0, instance:org.jpwh.helloworld.HelloWorldHibernate@17f6480]" name="storeLoadMessage" duration-ms="1052" started-at="2020-05-26T17:18:42Z" finished-at="2020-05-26T17:18:43Z">
          <reporter-output>
          </reporter-output>
        </test-method> <!-- storeLoadMessage -->
      </class> <!-- org.jpwh.helloworld.HelloWorldHibernate -->
    </test> <!-- Hello World -->
    <test name="Simple Mappings" duration-ms="7644" started-at="2020-05-26T11:48:44Z" finished-at="2020-05-26T11:48:51Z">
      <class name="org.jpwh.test.simple.CRUDMetadataXML">
        <test-method status="PASS" signature="beforeClass()[pri:0, instance:org.jpwh.test.simple.CRUDMetadataXML@9f70c54]" name="beforeClass" is-config="true" duration-ms="0" started-at="2020-05-26T17:18:50Z" finished-at="2020-05-26T17:18:50Z">
          <reporter-output>
          </reporter-output>
        </test-method> <!-- beforeClass -->
        <test-method status="PASS" signature="beforeMethod()[pri:0, instance:org.jpwh.test.simple.CRUDMetadataXML@9f70c54]" name="beforeMethod" is-config="true" duration-ms="135" started-at="2020-05-26T17:18:50Z" finished-at="2020-05-26T17:18:50Z">
          <reporter-output>
          </reporter-output>
        </test-method> <!-- beforeMethod -->
        <test-method status="PASS" signature="storeAndQueryItems()[pri:0, instance:org.jpwh.test.simple.CRUDMetadataXML@9f70c54]" name="storeAndQueryItems" duration-ms="10" started-at="2020-05-26T17:18:50Z" finished-at="2020-05-26T17:18:50Z">
          <reporter-output>
          </reporter-output>
        </test-method> <!-- storeAndQueryItems -->
        <test-method status="PASS" signature="afterMethod()[pri:0, instance:org.jpwh.test.simple.CRUDMetadataXML@9f70c54]" name="afterMethod" is-config="true" duration-ms="48" started-at="2020-05-26T17:18:50Z" finished-at="2020-05-26T17:18:50Z">
          <reporter-output>
          </reporter-output>
        </test-method> <!-- afterMethod -->
      </class> <!-- org.jpwh.test.simple.CRUDMetadataXML -->
      <class name="org.jpwh.test.simple.CRUD">
        <test-method status="PASS" signature="beforeClass()[pri:0, instance:org.jpwh.test.simple.CRUD@735b478]" name="beforeClass" is-config="true" duration-ms="0" started-at="2020-05-26T17:18:51Z" finished-at="2020-05-26T17:18:51Z">
          <reporter-output>
          </reporter-output>
        </test-method> <!-- beforeClass -->
        <test-method status="PASS" signature="beforeMethod()[pri:0, instance:org.jpwh.test.simple.CRUD@735b478]" name="beforeMethod" is-config="true" duration-ms="156" started-at="2020-05-26T17:18:51Z" finished-at="2020-05-26T17:18:51Z">
          <reporter-output>
          </reporter-output>
        </test-method> <!-- beforeMethod -->
        <test-method status="PASS" signature="storeAndQueryItems()[pri:0, instance:org.jpwh.test.simple.CRUD@735b478]" name="storeAndQueryItems" duration-ms="9" started-at="2020-05-26T17:18:51Z" finished-at="2020-05-26T17:18:51Z">
          <reporter-output>
          </reporter-output>
        </test-method> <!-- storeAndQueryItems -->
        <test-method status="PASS" signature="afterMethod()[pri:0, instance:org.jpwh.test.simple.CRUD@735b478]" name="afterMethod" is-config="true" duration-ms="53" started-at="2020-05-26T17:18:51Z" finished-at="2020-05-26T17:18:51Z">
          <reporter-output>
          </reporter-output>
        </test-method> <!-- afterMethod -->
      </class> <!-- org.jpwh.test.simple.CRUD -->
      <class name="org.jpwh.test.simple.SimpleTransitions">
        <test-method status="PASS" signature="beforeClass()[pri:0, instance:org.jpwh.test.simple.SimpleTransitions@5a61f5df]" name="beforeClass" is-config="true" duration-ms="0" started-at="2020-05-26T17:18:47Z" finished-at="2020-05-26T17:18:47Z">
          <reporter-output>
          </reporter-output>
        </test-method> <!-- beforeClass -->
        <test-method status="PASS" signature="beforeMethod()[pri:0, instance:org.jpwh.test.simple.SimpleTransitions@5a61f5df]" name="beforeMethod" is-config="true" duration-ms="202" started-at="2020-05-26T17:18:47Z" finished-at="2020-05-26T17:18:47Z">
          <reporter-output>
          </reporter-output>
        </test-method> <!-- beforeMethod -->
        <test-method status="PASS" signature="basicUOW()[pri:0, instance:org.jpwh.test.simple.SimpleTransitions@5a61f5df]" name="basicUOW" duration-ms="6" started-at="2020-05-26T17:18:47Z" finished-at="2020-05-26T17:18:47Z">
          <reporter-output>
          </reporter-output>
        </test-method> <!-- basicUOW -->
        <test-method status="PASS" signature="afterMethod()[pri:0, instance:org.jpwh.test.simple.SimpleTransitions@5a61f5df]" name="afterMethod" is-config="true" duration-ms="66" started-at="2020-05-26T17:18:47Z" finished-at="2020-05-26T17:18:47Z">
          <reporter-output>
          </reporter-output>
        </test-method> <!-- afterMethod -->
        <test-method status="PASS" signature="beforeMethod()[pri:0, instance:org.jpwh.test.simple.SimpleTransitions@5a61f5df]" name="beforeMethod" is-config="true" duration-ms="200" started-at="2020-05-26T17:18:47Z" finished-at="2020-05-26T17:18:47Z">
          <reporter-output>
          </reporter-output>
        </test-method> <!-- beforeMethod -->
        <test-method status="PASS" signature="detach()[pri:0, instance:org.jpwh.test.simple.SimpleTransitions@5a61f5df]" name="detach" duration-ms="18" started-at="2020-05-26T17:18:47Z" finished-at="2020-05-26T17:18:47Z">
          <reporter-output>
          </reporter-output>
        </test-method> <!-- detach -->
        <test-method status="PASS" signature="afterMethod()[pri:0, instance:org.jpwh.test.simple.SimpleTransitions@5a61f5df]" name="afterMethod" is-config="true" duration-ms="65" started-at="2020-05-26T17:18:47Z" finished-at="2020-05-26T17:18:47Z">
          <reporter-output>
          </reporter-output>
        </test-method> <!-- afterMethod -->
        <test-method status="PASS" signature="beforeMethod()[pri:0, instance:org.jpwh.test.simple.SimpleTransitions@5a61f5df]" name="beforeMethod" is-config="true" duration-ms="188" started-at="2020-05-26T17:18:47Z" finished-at="2020-05-26T17:18:48Z">
          <reporter-output>
          </reporter-output>
        </test-method> <!-- beforeMethod -->
        <test-method status="PASS" signature="flushModeType()[pri:0, instance:org.jpwh.test.simple.SimpleTransitions@5a61f5df]" name="flushModeType" duration-ms="15" started-at="2020-05-26T17:18:48Z" finished-at="2020-05-26T17:18:48Z">
          <reporter-output>
          </reporter-output>
        </test-method> <!-- flushModeType -->
        <test-method status="PASS" signature="afterMethod()[pri:0, instance:org.jpwh.test.simple.SimpleTransitions@5a61f5df]" name="afterMethod" is-config="true" duration-ms="90" started-at="2020-05-26T17:18:48Z" finished-at="2020-05-26T17:18:48Z">
          <reporter-output>
          </reporter-output>
        </test-method> <!-- afterMethod -->
        <test-method status="PASS" signature="beforeMethod()[pri:0, instance:org.jpwh.test.simple.SimpleTransitions@5a61f5df]" name="beforeMethod" is-config="true" duration-ms="224" started-at="2020-05-26T17:18:48Z" finished-at="2020-05-26T17:18:48Z">
          <reporter-output>
          </reporter-output>
        </test-method> <!-- beforeMethod -->
        <test-method status="PASS" signature="makePersistent()[pri:0, instance:org.jpwh.test.simple.SimpleTransitions@5a61f5df]" name="makePersistent" duration-ms="7" started-at="2020-05-26T17:18:48Z" finished-at="2020-05-26T17:18:48Z">
          <reporter-output>
          </reporter-output>
        </test-method> <!-- makePersistent -->
        <test-method status="PASS" signature="afterMethod()[pri:0, instance:org.jpwh.test.simple.SimpleTransitions@5a61f5df]" name="afterMethod" is-config="true" duration-ms="61" started-at="2020-05-26T17:18:48Z" finished-at="2020-05-26T17:18:48Z">
          <reporter-output>
          </reporter-output>
        </test-method> <!-- afterMethod -->
        <test-method status="PASS" signature="beforeMethod()[pri:0, instance:org.jpwh.test.simple.SimpleTransitions@5a61f5df]" name="beforeMethod" is-config="true" duration-ms="209" started-at="2020-05-26T17:18:48Z" finished-at="2020-05-26T17:18:48Z">
          <reporter-output>
          </reporter-output>
        </test-method> <!-- beforeMethod -->
        <test-method status="PASS" signature="makeTransient()[pri:0, instance:org.jpwh.test.simple.SimpleTransitions@5a61f5df]" name="makeTransient" duration-ms="17" started-at="2020-05-26T17:18:48Z" finished-at="2020-05-26T17:18:48Z">
          <reporter-output>
          </reporter-output>
        </test-method> <!-- makeTransient -->
        <test-method status="PASS" signature="afterMethod()[pri:0, instance:org.jpwh.test.simple.SimpleTransitions@5a61f5df]" name="afterMethod" is-config="true" duration-ms="97" started-at="2020-05-26T17:18:48Z" finished-at="2020-05-26T17:18:48Z">
          <reporter-output>
          </reporter-output>
        </test-method> <!-- afterMethod -->
        <test-method status="PASS" signature="beforeMethod()[pri:0, instance:org.jpwh.test.simple.SimpleTransitions@5a61f5df]" name="beforeMethod" is-config="true" duration-ms="171" started-at="2020-05-26T17:18:48Z" finished-at="2020-05-26T17:18:48Z">
          <reporter-output>
          </reporter-output>
        </test-method> <!-- beforeMethod -->
        <test-method status="PASS" signature="mergeDetached()[pri:0, instance:org.jpwh.test.simple.SimpleTransitions@5a61f5df]" name="mergeDetached" duration-ms="18" started-at="2020-05-26T17:18:48Z" finished-at="2020-05-26T17:18:48Z">
          <reporter-output>
          </reporter-output>
        </test-method> <!-- mergeDetached -->
        <test-method status="PASS" signature="afterMethod()[pri:0, instance:org.jpwh.test.simple.SimpleTransitions@5a61f5df]" name="afterMethod" is-config="true" duration-ms="48" started-at="2020-05-26T17:18:48Z" finished-at="2020-05-26T17:18:49Z">
          <reporter-output>
          </reporter-output>
        </test-method> <!-- afterMethod -->
        <test-method status="PASS" signature="beforeMethod()[pri:0, instance:org.jpwh.test.simple.SimpleTransitions@5a61f5df]" name="beforeMethod" is-config="true" duration-ms="261" started-at="2020-05-26T17:18:49Z" finished-at="2020-05-26T17:18:49Z">
          <reporter-output>
          </reporter-output>
        </test-method> <!-- beforeMethod -->
        <test-method status="PASS" signature="refresh()[pri:0, instance:org.jpwh.test.simple.SimpleTransitions@5a61f5df]" name="refresh" duration-ms="31" started-at="2020-05-26T17:18:49Z" finished-at="2020-05-26T17:18:49Z">
          <reporter-output>
          </reporter-output>
        </test-method> <!-- refresh -->
        <test-method status="PASS" signature="afterMethod()[pri:0, instance:org.jpwh.test.simple.SimpleTransitions@5a61f5df]" name="afterMethod" is-config="true" duration-ms="67" started-at="2020-05-26T17:18:49Z" finished-at="2020-05-26T17:18:49Z">
          <reporter-output>
          </reporter-output>
        </test-method> <!-- afterMethod -->
        <test-method status="PASS" signature="beforeMethod()[pri:0, instance:org.jpwh.test.simple.SimpleTransitions@5a61f5df]" name="beforeMethod" is-config="true" duration-ms="168" started-at="2020-05-26T17:18:49Z" finished-at="2020-05-26T17:18:49Z">
          <reporter-output>
          </reporter-output>
        </test-method> <!-- beforeMethod -->
        <test-method status="PASS" signature="replicate()[pri:0, instance:org.jpwh.test.simple.SimpleTransitions@5a61f5df]" name="replicate" duration-ms="14" started-at="2020-05-26T17:18:49Z" finished-at="2020-05-26T17:18:49Z">
          <reporter-output>
          </reporter-output>
        </test-method> <!-- replicate -->
        <test-method status="PASS" signature="afterMethod()[pri:0, instance:org.jpwh.test.simple.SimpleTransitions@5a61f5df]" name="afterMethod" is-config="true" duration-ms="54" started-at="2020-05-26T17:18:49Z" finished-at="2020-05-26T17:18:49Z">
          <reporter-output>
          </reporter-output>
        </test-method> <!-- afterMethod -->
        <test-method status="PASS" signature="beforeMethod()[pri:0, instance:org.jpwh.test.simple.SimpleTransitions@5a61f5df]" name="beforeMethod" is-config="true" duration-ms="180" started-at="2020-05-26T17:18:49Z" finished-at="2020-05-26T17:18:49Z">
          <reporter-output>
          </reporter-output>
        </test-method> <!-- beforeMethod -->
        <test-method status="PASS" signature="retrievePersistent()[pri:0, instance:org.jpwh.test.simple.SimpleTransitions@5a61f5df]" name="retrievePersistent" duration-ms="18" started-at="2020-05-26T17:18:49Z" finished-at="2020-05-26T17:18:49Z">
          <reporter-output>
          </reporter-output>
        </test-method> <!-- retrievePersistent -->
        <test-method status="PASS" signature="afterMethod()[pri:0, instance:org.jpwh.test.simple.SimpleTransitions@5a61f5df]" name="afterMethod" is-config="true" duration-ms="52" started-at="2020-05-26T17:18:49Z" finished-at="2020-05-26T17:18:49Z">
          <reporter-output>
          </reporter-output>
        </test-method> <!-- afterMethod -->
        <test-method status="PASS" signature="beforeMethod()[pri:0, instance:org.jpwh.test.simple.SimpleTransitions@5a61f5df]" name="beforeMethod" is-config="true" duration-ms="141" started-at="2020-05-26T17:18:49Z" finished-at="2020-05-26T17:18:50Z">
          <reporter-output>
          </reporter-output>
        </test-method> <!-- beforeMethod -->
        <test-method status="PASS" signature="retrievePersistentReference()[pri:0, instance:org.jpwh.test.simple.SimpleTransitions@5a61f5df]" name="retrievePersistentReference" duration-ms="11" started-at="2020-05-26T17:18:50Z" finished-at="2020-05-26T17:18:50Z">
          <exception class="org.hibernate.LazyInitializationException">
            <message>
              <![CDATA[could not initialize proxy - no Session]]>
            </message>
            <full-stacktrace>
              <![CDATA[org.hibernate.LazyInitializationException: could not initialize proxy - no Session
	at org.hibernate.proxy.AbstractLazyInitializer.initialize(AbstractLazyInitializer.java:148)
	at org.hibernate.proxy.AbstractLazyInitializer.getImplementation(AbstractLazyInitializer.java:266)
	at org.hibernate.proxy.pojo.javassist.JavassistLazyInitializer.invoke(JavassistLazyInitializer.java:68)
	at org.jpwh.model.simple.Item_$$_jvste8b_1.getName(Item_$$_jvste8b_1.java)
	at org.jpwh.test.simple.SimpleTransitions.retrievePersistentReference(SimpleTransitions.java:203)
	at sun.reflect.NativeMethodAccessorImpl.invoke0(Native Method)
	at sun.reflect.NativeMethodAccessorImpl.invoke(NativeMethodAccessorImpl.java:62)
	at sun.reflect.DelegatingMethodAccessorImpl.invoke(DelegatingMethodAccessorImpl.java:43)
	at java.lang.reflect.Method.invoke(Method.java:498)
	at org.testng.internal.MethodInvocationHelper.invokeMethod(MethodInvocationHelper.java:84)
	at org.testng.internal.Invoker.invokeMethod(Invoker.java:714)
	at org.testng.internal.Invoker.invokeTestMethod(Invoker.java:901)
	at org.testng.internal.Invoker.invokeTestMethods(Invoker.java:1231)
	at org.testng.internal.TestMethodWorker.invokeTestMethods(TestMethodWorker.java:127)
	at org.testng.internal.TestMethodWorker.run(TestMethodWorker.java:111)
	at org.testng.TestRunner.privateRun(TestRunner.java:767)
	at org.testng.TestRunner.run(TestRunner.java:617)
	at org.testng.SuiteRunner.runTest(SuiteRunner.java:334)
	at org.testng.SuiteRunner.runSequentially(SuiteRunner.java:329)
	at org.testng.SuiteRunner.privateRun(SuiteRunner.java:291)
	at org.testng.SuiteRunner.run(SuiteRunner.java:240)
	at org.testng.SuiteRunnerWorker.runSuite(SuiteRunnerWorker.java:52)
	at org.testng.SuiteRunnerWorker.run(SuiteRunnerWorker.java:86)
	at org.testng.TestNG.runSuitesSequentially(TestNG.java:1224)
	at org.testng.TestNG.runSuitesLocally(TestNG.java:1149)
	at org.testng.TestNG.run(TestNG.java:1057)
	at org.apache.maven.surefire.testng.TestNGExecutor.run(TestNGExecutor.java:122)
	at org.apache.maven.surefire.testng.TestNGXmlTestSuite.execute(TestNGXmlTestSuite.java:92)
	at org.apache.maven.surefire.testng.TestNGProvider.invoke(TestNGProvider.java:101)
	at sun.reflect.NativeMethodAccessorImpl.invoke0(Native Method)
	at sun.reflect.NativeMethodAccessorImpl.invoke(NativeMethodAccessorImpl.java:62)
	at sun.reflect.DelegatingMethodAccessorImpl.invoke(DelegatingMethodAccessorImpl.java:43)
	at java.lang.reflect.Method.invoke(Method.java:498)
	at org.apache.maven.surefire.util.ReflectionUtils.invokeMethodWithArray(ReflectionUtils.java:164)
	at org.apache.maven.surefire.booter.ProviderFactory$ProviderProxy.invoke(ProviderFactory.java:110)
	at org.apache.maven.surefire.booter.SurefireStarter.invokeProvider(SurefireStarter.java:172)
	at org.apache.maven.surefire.booter.SurefireStarter.runSuitesInProcessWhenForked(SurefireStarter.java:104)
	at org.apache.maven.surefire.booter.ForkedBooter.main(ForkedBooter.java:70)
]]>
            </full-stacktrace>
          </exception> <!-- org.hibernate.LazyInitializationException -->
          <reporter-output>
          </reporter-output>
        </test-method> <!-- retrievePersistentReference -->
        <test-method status="PASS" signature="afterMethod()[pri:0, instance:org.jpwh.test.simple.SimpleTransitions@5a61f5df]" name="afterMethod" is-config="true" duration-ms="44" started-at="2020-05-26T17:18:50Z" finished-at="2020-05-26T17:18:50Z">
          <reporter-output>
          </reporter-output>
        </test-method> <!-- afterMethod -->
        <test-method status="PASS" signature="beforeMethod()[pri:0, instance:org.jpwh.test.simple.SimpleTransitions@5a61f5df]" name="beforeMethod" is-config="true" duration-ms="236" started-at="2020-05-26T17:18:50Z" finished-at="2020-05-26T17:18:50Z">
          <reporter-output>
          </reporter-output>
        </test-method> <!-- beforeMethod -->
        <test-method status="PASS" signature="scopeOfIdentity()[pri:0, instance:org.jpwh.test.simple.SimpleTransitions@5a61f5df]" name="scopeOfIdentity" duration-ms="9" started-at="2020-05-26T17:18:50Z" finished-at="2020-05-26T17:18:50Z">
          <reporter-output>
          </reporter-output>
        </test-method> <!-- scopeOfIdentity -->
        <test-method status="PASS" signature="afterMethod()[pri:0, instance:org.jpwh.test.simple.SimpleTransitions@5a61f5df]" name="afterMethod" is-config="true" duration-ms="57" started-at="2020-05-26T17:18:50Z" finished-at="2020-05-26T17:18:50Z">
          <reporter-output>
          </reporter-output>
        </test-method> <!-- afterMethod -->
      </class> <!-- org.jpwh.test.simple.SimpleTransitions -->
      <class name="org.jpwh.test.simple.CRUDMetadataHBMXML">
        <test-method status="PASS" signature="beforeClass()[pri:0, instance:org.jpwh.test.simple.CRUDMetadataHBMXML@3551a94]" name="beforeClass" is-config="true" duration-ms="0" started-at="2020-05-26T17:18:45Z" finished-at="2020-05-26T17:18:45Z">
          <reporter-output>
          </reporter-output>
        </test-method> <!-- beforeClass -->
        <test-method status="PASS" signature="beforeMethod()[pri:0, instance:org.jpwh.test.simple.CRUDMetadataHBMXML@3551a94]" name="beforeMethod" is-config="true" duration-ms="1104" started-at="2020-05-26T17:18:45Z" finished-at="2020-05-26T17:18:46Z">
          <reporter-output>
          </reporter-output>
        </test-method> <!-- beforeMethod -->
        <test-method status="PASS" signature="storeAndQueryItems()[pri:0, instance:org.jpwh.test.simple.CRUDMetadataHBMXML@3551a94]" name="storeAndQueryItems" duration-ms="14" started-at="2020-05-26T17:18:46Z" finished-at="2020-05-26T17:18:46Z">
          <reporter-output>
          </reporter-output>
        </test-method> <!-- storeAndQueryItems -->
        <test-method status="PASS" signature="afterMethod()[pri:0, instance:org.jpwh.test.simple.CRUDMetadataHBMXML@3551a94]" name="afterMethod" is-config="true" duration-ms="90" started-at="2020-05-26T17:18:46Z" finished-at="2020-05-26T17:18:46Z">
          <reporter-output>
          </reporter-output>
        </test-method> <!-- afterMethod -->
      </class> <!-- org.jpwh.test.simple.CRUDMetadataHBMXML -->
      <class name="org.jpwh.test.simple.AccessJPAMetamodel">
        <test-method status="PASS" signature="beforeClass()[pri:0, instance:org.jpwh.test.simple.AccessJPAMetamodel@737996a0]" name="beforeClass" is-config="true" duration-ms="1" started-at="2020-05-26T17:18:46Z" finished-at="2020-05-26T17:18:46Z">
          <reporter-output>
          </reporter-output>
        </test-method> <!-- beforeClass -->
        <test-method status="PASS" signature="beforeMethod()[pri:0, instance:org.jpwh.test.simple.AccessJPAMetamodel@737996a0]" name="beforeMethod" is-config="true" duration-ms="148" started-at="2020-05-26T17:18:46Z" finished-at="2020-05-26T17:18:46Z">
          <reporter-output>
          </reporter-output>
        </test-method> <!-- beforeMethod -->
        <test-method status="PASS" signature="afterMethod()[pri:0, instance:org.jpwh.test.simple.AccessJPAMetamodel@737996a0]" name="afterMethod" is-config="true" duration-ms="55" started-at="2020-05-26T17:18:46Z" finished-at="2020-05-26T17:18:46Z">
          <reporter-output>
          </reporter-output>
        </test-method> <!-- afterMethod -->
        <test-method status="PASS" signature="accessDynamicMetamodel()[pri:0, instance:org.jpwh.test.simple.AccessJPAMetamodel@737996a0]" name="accessDynamicMetamodel" duration-ms="0" started-at="2020-05-26T17:18:46Z" finished-at="2020-05-26T17:18:46Z">
          <reporter-output>
          </reporter-output>
        </test-method> <!-- accessDynamicMetamodel -->
        <test-method status="PASS" signature="beforeMethod()[pri:0, instance:org.jpwh.test.simple.AccessJPAMetamodel@737996a0]" name="beforeMethod" is-config="true" duration-ms="174" started-at="2020-05-26T17:18:46Z" finished-at="2020-05-26T17:18:46Z">
          <reporter-output>
          </reporter-output>
        </test-method> <!-- beforeMethod -->
        <test-method status="PASS" signature="accessStaticMetamodel()[pri:0, instance:org.jpwh.test.simple.AccessJPAMetamodel@737996a0]" name="accessStaticMetamodel" duration-ms="0" started-at="2020-05-26T17:18:46Z" finished-at="2020-05-26T17:18:46Z">
          <reporter-output>
          </reporter-output>
        </test-method> <!-- accessStaticMetamodel -->
        <test-method status="PASS" signature="afterMethod()[pri:0, instance:org.jpwh.test.simple.AccessJPAMetamodel@737996a0]" name="afterMethod" is-config="true" duration-ms="55" started-at="2020-05-26T17:18:46Z" finished-at="2020-05-26T17:18:46Z">
          <reporter-output>
          </reporter-output>
        </test-method> <!-- afterMethod -->
        <test-method status="PASS" signature="beforeMethod()[pri:0, instance:org.jpwh.test.simple.AccessJPAMetamodel@737996a0]" name="beforeMethod" is-config="true" duration-ms="187" started-at="2020-05-26T17:18:46Z" finished-at="2020-05-26T17:18:47Z">
          <reporter-output>
          </reporter-output>
        </test-method> <!-- beforeMethod -->
        <test-method status="PASS" signature="queryStaticMetamodel()[pri:0, instance:org.jpwh.test.simple.AccessJPAMetamodel@737996a0]" name="queryStaticMetamodel" duration-ms="104" started-at="2020-05-26T17:18:47Z" finished-at="2020-05-26T17:18:47Z">
          <reporter-output>
          </reporter-output>
        </test-method> <!-- queryStaticMetamodel -->
        <test-method status="PASS" signature="afterMethod()[pri:0, instance:org.jpwh.test.simple.AccessJPAMetamodel@737996a0]" name="afterMethod" is-config="true" duration-ms="67" started-at="2020-05-26T17:18:47Z" finished-at="2020-05-26T17:18:47Z">
          <reporter-output>
          </reporter-output>
        </test-method> <!-- afterMethod -->
      </class> <!-- org.jpwh.test.simple.AccessJPAMetamodel -->
      <class name="org.jpwh.test.simple.MappingManyToOne">
        <test-method status="PASS" signature="beforeMethod()[pri:0, instance:org.jpwh.test.simple.MappingManyToOne@234bef66]" name="beforeMethod" is-config="true" duration-ms="270" started-at="2020-05-26T17:18:51Z" finished-at="2020-05-26T17:18:51Z">
          <reporter-output>
          </reporter-output>
        </test-method> <!-- beforeMethod -->
        <test-method status="PASS" signature="beforeClass()[pri:0, instance:org.jpwh.test.simple.MappingManyToOne@234bef66]" name="beforeClass" is-config="true" duration-ms="0" started-at="2020-05-26T17:18:51Z" finished-at="2020-05-26T17:18:51Z">
          <reporter-output>
          </reporter-output>
        </test-method> <!-- beforeClass -->
        <test-method status="PASS" signature="storeAndLoadBids()[pri:0, instance:org.jpwh.test.simple.MappingManyToOne@234bef66]" name="storeAndLoadBids" duration-ms="13" started-at="2020-05-26T17:18:51Z" finished-at="2020-05-26T17:18:51Z">
          <reporter-output>
          </reporter-output>
        </test-method> <!-- storeAndLoadBids -->
        <test-method status="PASS" signature="afterMethod()[pri:0, instance:org.jpwh.test.simple.MappingManyToOne@234bef66]" name="afterMethod" is-config="true" duration-ms="51" started-at="2020-05-26T17:18:51Z" finished-at="2020-05-26T17:18:51Z">
          <reporter-output>
          </reporter-output>
        </test-method> <!-- afterMethod -->
      </class> <!-- org.jpwh.test.simple.MappingManyToOne -->
      <class name="org.jpwh.test.simple.ModelOperations">
        <test-method status="PASS" signature="linkBidAndItem()[pri:0, instance:org.jpwh.test.simple.ModelOperations@2c9f9fb0]" name="linkBidAndItem" duration-ms="0" started-at="2020-05-26T17:18:51Z" finished-at="2020-05-26T17:18:51Z">
          <reporter-output>
          </reporter-output>
        </test-method> <!-- linkBidAndItem -->
        <test-method status="PASS" signature="validateItem()[pri:0, instance:org.jpwh.test.simple.ModelOperations@2c9f9fb0]" name="validateItem" duration-ms="19" started-at="2020-05-26T17:18:51Z" finished-at="2020-05-26T17:18:51Z">
          <reporter-output>
          </reporter-output>
        </test-method> <!-- validateItem -->
      </class> <!-- org.jpwh.test.simple.ModelOperations -->
      <class name="org.jpwh.test.simple.CRUDMetadataOverrideXML">
        <test-method status="PASS" signature="beforeClass()[pri:0, instance:org.jpwh.test.simple.CRUDMetadataOverrideXML@2096442d]" name="beforeClass" is-config="true" duration-ms="0" started-at="2020-05-26T17:18:44Z" finished-at="2020-05-26T17:18:44Z">
          <reporter-output>
          </reporter-output>
        </test-method> <!-- beforeClass -->
        <test-method status="PASS" signature="beforeMethod()[pri:0, instance:org.jpwh.test.simple.CRUDMetadataOverrideXML@2096442d]" name="beforeMethod" is-config="true" duration-ms="751" started-at="2020-05-26T17:18:44Z" finished-at="2020-05-26T17:18:44Z">
          <reporter-output>
          </reporter-output>
        </test-method> <!-- beforeMethod -->
        <test-method status="PASS" signature="checkMetadataOverride()[pri:0, instance:org.jpwh.test.simple.CRUDMetadataOverrideXML@2096442d]" name="checkMetadataOverride" duration-ms="0" started-at="2020-05-26T17:18:44Z" finished-at="2020-05-26T17:18:44Z">
          <reporter-output>
          </reporter-output>
        </test-method> <!-- checkMetadataOverride -->
        <test-method status="PASS" signature="afterMethod()[pri:0, instance:org.jpwh.test.simple.CRUDMetadataOverrideXML@2096442d]" name="afterMethod" is-config="true" duration-ms="96" started-at="2020-05-26T17:18:44Z" finished-at="2020-05-26T17:18:44Z">
          <reporter-output>
          </reporter-output>
        </test-method> <!-- afterMethod -->
        <test-method status="PASS" signature="beforeMethod()[pri:0, instance:org.jpwh.test.simple.CRUDMetadataOverrideXML@2096442d]" name="beforeMethod" is-config="true" duration-ms="275" started-at="2020-05-26T17:18:44Z" finished-at="2020-05-26T17:18:45Z">
          <reporter-output>
          </reporter-output>
        </test-method> <!-- beforeMethod -->
        <test-method status="PASS" signature="storeAndQueryItems()[pri:0, instance:org.jpwh.test.simple.CRUDMetadataOverrideXML@2096442d]" name="storeAndQueryItems" duration-ms="66" started-at="2020-05-26T17:18:45Z" finished-at="2020-05-26T17:18:45Z">
          <reporter-output>
          </reporter-output>
        </test-method> <!-- storeAndQueryItems -->
        <test-method status="PASS" signature="afterMethod()[pri:0, instance:org.jpwh.test.simple.CRUDMetadataOverrideXML@2096442d]" name="afterMethod" is-config="true" duration-ms="134" started-at="2020-05-26T17:18:45Z" finished-at="2020-05-26T17:18:45Z">
          <reporter-output>
          </reporter-output>
        </test-method> <!-- afterMethod -->
      </class> <!-- org.jpwh.test.simple.CRUDMetadataOverrideXML -->
      <class name="org.jpwh.test.simple.MappingEmbeddables">
        <test-method status="PASS" signature="beforeMethod()[pri:0, instance:org.jpwh.test.simple.MappingEmbeddables@52af6cff]" name="beforeMethod" is-config="true" duration-ms="173" started-at="2020-05-26T17:18:50Z" finished-at="2020-05-26T17:18:50Z">
          <reporter-output>
          </reporter-output>
        </test-method> <!-- beforeMethod -->
        <test-method status="PASS" signature="beforeClass()[pri:0, instance:org.jpwh.test.simple.MappingEmbeddables@52af6cff]" name="beforeClass" is-config="true" duration-ms="0" started-at="2020-05-26T17:18:50Z" finished-at="2020-05-26T17:18:50Z">
          <reporter-output>
          </reporter-output>
        </test-method> <!-- beforeClass -->
        <test-method status="PASS" signature="storeAndLoadInvalidUsers()[pri:0, instance:org.jpwh.test.simple.MappingEmbeddables@52af6cff]" name="storeAndLoadInvalidUsers" duration-ms="12" started-at="2020-05-26T17:18:50Z" finished-at="2020-05-26T17:18:50Z">
          <exception class="org.hibernate.exception.ConstraintViolationException">
            <message>
              <![CDATA[could not execute statement]]>
            </message>
            <full-stacktrace>
              <![CDATA[org.hibernate.exception.ConstraintViolationException: could not execute statement
	at org.hibernate.exception.internal.SQLStateConversionDelegate.convert(SQLStateConversionDelegate.java:112)
	at org.hibernate.exception.internal.StandardSQLExceptionConverter.convert(StandardSQLExceptionConverter.java:42)
	at org.hibernate.engine.jdbc.spi.SqlExceptionHelper.convert(SqlExceptionHelper.java:109)
	at org.hibernate.engine.jdbc.spi.SqlExceptionHelper.convert(SqlExceptionHelper.java:95)
	at org.hibernate.engine.jdbc.internal.ResultSetReturnImpl.executeUpdate(ResultSetReturnImpl.java:207)
	at org.hibernate.engine.jdbc.batch.internal.NonBatchingBatch.addToBatch(NonBatchingBatch.java:45)
	at org.hibernate.persister.entity.AbstractEntityPersister.insert(AbstractEntityPersister.java:2823)
	at org.hibernate.persister.entity.AbstractEntityPersister.insert(AbstractEntityPersister.java:3323)
	at org.hibernate.action.internal.EntityInsertAction.execute(EntityInsertAction.java:89)
	at org.hibernate.engine.spi.ActionQueue.executeActions(ActionQueue.java:447)
	at org.hibernate.engine.spi.ActionQueue.executeActions(ActionQueue.java:333)
	at org.hibernate.event.internal.AbstractFlushingEventListener.performExecutions(AbstractFlushingEventListener.java:335)
	at org.hibernate.event.internal.DefaultFlushEventListener.onFlush(DefaultFlushEventListener.java:39)
	at org.hibernate.internal.SessionImpl.flush(SessionImpl.java:1224)
	at org.hibernate.jpa.spi.AbstractEntityManagerImpl.flush(AbstractEntityManagerImpl.java:1300)
	at org.jpwh.test.simple.MappingEmbeddables.storeAndLoadInvalidUsers(MappingEmbeddables.java:73)
	at sun.reflect.NativeMethodAccessorImpl.invoke0(Native Method)
	at sun.reflect.NativeMethodAccessorImpl.invoke(NativeMethodAccessorImpl.java:62)
	at sun.reflect.DelegatingMethodAccessorImpl.invoke(DelegatingMethodAccessorImpl.java:43)
	at java.lang.reflect.Method.invoke(Method.java:498)
	at org.testng.internal.MethodInvocationHelper.invokeMethod(MethodInvocationHelper.java:84)
	at org.testng.internal.Invoker.invokeMethod(Invoker.java:714)
	at org.testng.internal.Invoker.invokeTestMethod(Invoker.java:901)
	at org.testng.internal.Invoker.invokeTestMethods(Invoker.java:1231)
	at org.testng.internal.TestMethodWorker.invokeTestMethods(TestMethodWorker.java:127)
	at org.testng.internal.TestMethodWorker.run(TestMethodWorker.java:111)
	at org.testng.TestRunner.privateRun(TestRunner.java:767)
	at org.testng.TestRunner.run(TestRunner.java:617)
	at org.testng.SuiteRunner.runTest(SuiteRunner.java:334)
	at org.testng.SuiteRunner.runSequentially(SuiteRunner.java:329)
	at org.testng.SuiteRunner.privateRun(SuiteRunner.java:291)
	at org.testng.SuiteRunner.run(SuiteRunner.java:240)
	at org.testng.SuiteRunnerWorker.runSuite(SuiteRunnerWorker.java:52)
	at org.testng.SuiteRunnerWorker.run(SuiteRunnerWorker.java:86)
	at org.testng.TestNG.runSuitesSequentially(TestNG.java:1224)
	at org.testng.TestNG.runSuitesLocally(TestNG.java:1149)
	at org.testng.TestNG.run(TestNG.java:1057)
	at org.apache.maven.surefire.testng.TestNGExecutor.run(TestNGExecutor.java:122)
	at org.apache.maven.surefire.testng.TestNGXmlTestSuite.execute(TestNGXmlTestSuite.java:92)
	at org.apache.maven.surefire.testng.TestNGProvider.invoke(TestNGProvider.java:101)
	at sun.reflect.NativeMethodAccessorImpl.invoke0(Native Method)
	at sun.reflect.NativeMethodAccessorImpl.invoke(NativeMethodAccessorImpl.java:62)
	at sun.reflect.DelegatingMethodAccessorImpl.invoke(DelegatingMethodAccessorImpl.java:43)
	at java.lang.reflect.Method.invoke(Method.java:498)
	at org.apache.maven.surefire.util.ReflectionUtils.invokeMethodWithArray(ReflectionUtils.java:164)
	at org.apache.maven.surefire.booter.ProviderFactory$ProviderProxy.invoke(ProviderFactory.java:110)
	at org.apache.maven.surefire.booter.SurefireStarter.invokeProvider(SurefireStarter.java:172)
	at org.apache.maven.surefire.booter.SurefireStarter.runSuitesInProcessWhenForked(SurefireStarter.java:104)
	at org.apache.maven.surefire.booter.ForkedBooter.main(ForkedBooter.java:70)
Caused by: org.h2.jdbc.JdbcSQLException: NULL not allowed for column "CITY"; SQL statement:
/* insert org.jpwh.model.simple.User */ insert into USERS (BILLING_CITY, BILLING_STREET, BILLING_ZIPCODE, city, street, zipcode, username, id) values (?, ?, ?, ?, ?, ?, ?, ?) [23502-171]
	at org.h2.message.DbException.getJdbcSQLException(DbException.java:329)
	at org.h2.message.DbException.get(DbException.java:169)
	at org.h2.message.DbException.get(DbException.java:146)
	at org.h2.table.Column.validateConvertUpdateSequence(Column.java:293)
	at org.h2.table.Table.validateConvertUpdateSequence(Table.java:692)
	at org.h2.command.dml.Insert.insertRows(Insert.java:120)
	at org.h2.command.dml.Insert.update(Insert.java:84)
	at org.h2.command.CommandContainer.update(CommandContainer.java:75)
	at org.h2.command.Command.executeUpdate(Command.java:230)
	at org.h2.jdbc.JdbcPreparedStatement.executeUpdateInternal(JdbcPreparedStatement.java:156)
	at org.h2.jdbc.JdbcPreparedStatement.executeUpdate(JdbcPreparedStatement.java:142)
	at sun.reflect.GeneratedMethodAccessor58.invoke(Unknown Source)
	at sun.reflect.DelegatingMethodAccessorImpl.invoke(DelegatingMethodAccessorImpl.java:43)
	at java.lang.reflect.Method.invoke(Method.java:498)
	at bitronix.tm.resource.jdbc.BaseProxyHandlerClass.invoke(BaseProxyHandlerClass.java:64)
	at com.sun.proxy.$Proxy18.executeUpdate(Unknown Source)
	at org.hibernate.engine.jdbc.internal.ResultSetReturnImpl.executeUpdate(ResultSetReturnImpl.java:204)
	... 44 more
]]>
            </full-stacktrace>
          </exception> <!-- org.hibernate.exception.ConstraintViolationException -->
          <reporter-output>
          </reporter-output>
        </test-method> <!-- storeAndLoadInvalidUsers -->
        <test-method status="PASS" signature="afterMethod()[pri:0, instance:org.jpwh.test.simple.MappingEmbeddables@52af6cff]" name="afterMethod" is-config="true" duration-ms="101" started-at="2020-05-26T17:18:50Z" finished-at="2020-05-26T17:18:50Z">
          <reporter-output>
          </reporter-output>
        </test-method> <!-- afterMethod -->
        <test-method status="PASS" signature="beforeMethod()[pri:0, instance:org.jpwh.test.simple.MappingEmbeddables@52af6cff]" name="beforeMethod" is-config="true" duration-ms="155" started-at="2020-05-26T17:18:50Z" finished-at="2020-05-26T17:18:51Z">
          <reporter-output>
          </reporter-output>
        </test-method> <!-- beforeMethod -->
        <test-method status="PASS" signature="storeAndLoadUsers()[pri:0, instance:org.jpwh.test.simple.MappingEmbeddables@52af6cff]" name="storeAndLoadUsers" duration-ms="5" started-at="2020-05-26T17:18:51Z" finished-at="2020-05-26T17:18:51Z">
          <reporter-output>
          </reporter-output>
        </test-method> <!-- storeAndLoadUsers -->
        <test-method status="PASS" signature="afterMethod()[pri:0, instance:org.jpwh.test.simple.MappingEmbeddables@52af6cff]" name="afterMethod" is-config="true" duration-ms="56" started-at="2020-05-26T17:18:51Z" finished-at="2020-05-26T17:18:51Z">
          <reporter-output>
          </reporter-output>
        </test-method> <!-- afterMethod -->
      </class> <!-- org.jpwh.test.simple.MappingEmbeddables -->
    </test> <!-- Simple Mappings -->
    <test name="Inheritance Mappings" duration-ms="5816" started-at="2020-05-26T11:48:51Z" finished-at="2020-05-26T11:48:57Z">
      <class name="org.jpwh.test.inheritance.Joined">
        <test-method status="PASS" signature="beforeClass()[pri:0, instance:org.jpwh.test.inheritance.Joined@32e6e9c3]" name="beforeClass" is-config="true" duration-ms="1" started-at="2020-05-26T17:18:52Z" finished-at="2020-05-26T17:18:52Z">
          <reporter-output>
          </reporter-output>
        </test-method> <!-- beforeClass -->
        <test-method status="PASS" signature="beforeMethod()[pri:0, instance:org.jpwh.test.inheritance.Joined@32e6e9c3]" name="beforeMethod" is-config="true" duration-ms="275" started-at="2020-05-26T17:18:52Z" finished-at="2020-05-26T17:18:53Z">
          <reporter-output>
          </reporter-output>
        </test-method> <!-- beforeMethod -->
        <test-method status="PASS" signature="storeBillingDetailsLoadCreditCards()[pri:0, instance:org.jpwh.test.inheritance.Joined@32e6e9c3]" name="storeBillingDetailsLoadCreditCards" duration-ms="32" started-at="2020-05-26T17:18:53Z" finished-at="2020-05-26T17:18:53Z">
          <reporter-output>
          </reporter-output>
        </test-method> <!-- storeBillingDetailsLoadCreditCards -->
        <test-method status="PASS" signature="afterMethod()[pri:0, instance:org.jpwh.test.inheritance.Joined@32e6e9c3]" name="afterMethod" is-config="true" duration-ms="79" started-at="2020-05-26T17:18:53Z" finished-at="2020-05-26T17:18:53Z">
          <reporter-output>
          </reporter-output>
        </test-method> <!-- afterMethod -->
        <test-method status="PASS" signature="beforeMethod()[pri:0, instance:org.jpwh.test.inheritance.Joined@32e6e9c3]" name="beforeMethod" is-config="true" duration-ms="130" started-at="2020-05-26T17:18:53Z" finished-at="2020-05-26T17:18:53Z">
          <reporter-output>
          </reporter-output>
        </test-method> <!-- beforeMethod -->
        <test-method status="PASS" signature="jdbcBillingDetailsSqlQuery()[pri:0, instance:org.jpwh.test.inheritance.Joined@32e6e9c3]" name="jdbcBillingDetailsSqlQuery" duration-ms="13" started-at="2020-05-26T17:18:53Z" finished-at="2020-05-26T17:18:53Z">
          <reporter-output>
          </reporter-output>
        </test-method> <!-- jdbcBillingDetailsSqlQuery -->
        <test-method status="PASS" signature="afterMethod()[pri:0, instance:org.jpwh.test.inheritance.Joined@32e6e9c3]" name="afterMethod" is-config="true" duration-ms="45" started-at="2020-05-26T17:18:53Z" finished-at="2020-05-26T17:18:53Z">
          <reporter-output>
          </reporter-output>
        </test-method> <!-- afterMethod -->
        <test-method status="PASS" signature="beforeMethod()[pri:0, instance:org.jpwh.test.inheritance.Joined@32e6e9c3]" name="beforeMethod" is-config="true" duration-ms="137" started-at="2020-05-26T17:18:53Z" finished-at="2020-05-26T17:18:53Z">
          <reporter-output>
          </reporter-output>
        </test-method> <!-- beforeMethod -->
        <test-method status="PASS" signature="jdbcCreditCardSqlQuery()[pri:0, instance:org.jpwh.test.inheritance.Joined@32e6e9c3]" name="jdbcCreditCardSqlQuery" duration-ms="11" started-at="2020-05-26T17:18:53Z" finished-at="2020-05-26T17:18:53Z">
          <reporter-output>
          </reporter-output>
        </test-method> <!-- jdbcCreditCardSqlQuery -->
        <test-method status="PASS" signature="afterMethod()[pri:0, instance:org.jpwh.test.inheritance.Joined@32e6e9c3]" name="afterMethod" is-config="true" duration-ms="44" started-at="2020-05-26T17:18:53Z" finished-at="2020-05-26T17:18:53Z">
          <reporter-output>
          </reporter-output>
        </test-method> <!-- afterMethod -->
        <test-method status="PASS" signature="beforeMethod()[pri:0, instance:org.jpwh.test.inheritance.Joined@32e6e9c3]" name="beforeMethod" is-config="true" duration-ms="130" started-at="2020-05-26T17:18:53Z" finished-at="2020-05-26T17:18:53Z">
          <reporter-output>
          </reporter-output>
        </test-method> <!-- beforeMethod -->
        <test-method status="PASS" signature="storeLoadBillingDetails()[pri:0, instance:org.jpwh.test.inheritance.Joined@32e6e9c3]" name="storeLoadBillingDetails" duration-ms="9" started-at="2020-05-26T17:18:53Z" finished-at="2020-05-26T17:18:53Z">
          <reporter-output>
          </reporter-output>
        </test-method> <!-- storeLoadBillingDetails -->
        <test-method status="PASS" signature="afterMethod()[pri:0, instance:org.jpwh.test.inheritance.Joined@32e6e9c3]" name="afterMethod" is-config="true" duration-ms="43" started-at="2020-05-26T17:18:53Z" finished-at="2020-05-26T17:18:53Z">
          <reporter-output>
          </reporter-output>
        </test-method> <!-- afterMethod -->
      </class> <!-- org.jpwh.test.inheritance.Joined -->
      <class name="org.jpwh.test.inheritance.TablePerClass">
        <test-method status="PASS" signature="beforeClass()[pri:0, instance:org.jpwh.test.inheritance.TablePerClass@5cc7c2a6]" name="beforeClass" is-config="true" duration-ms="0" started-at="2020-05-26T17:18:51Z" finished-at="2020-05-26T17:18:51Z">
          <reporter-output>
          </reporter-output>
        </test-method> <!-- beforeClass -->
        <test-method status="PASS" signature="beforeMethod()[pri:0, instance:org.jpwh.test.inheritance.TablePerClass@5cc7c2a6]" name="beforeMethod" is-config="true" duration-ms="154" started-at="2020-05-26T17:18:51Z" finished-at="2020-05-26T17:18:51Z">
          <reporter-output>
          </reporter-output>
        </test-method> <!-- beforeMethod -->
        <test-method status="PASS" signature="storeBillingDetailsLoadCreditCards()[pri:0, instance:org.jpwh.test.inheritance.TablePerClass@5cc7c2a6]" name="storeBillingDetailsLoadCreditCards" duration-ms="10" started-at="2020-05-26T17:18:51Z" finished-at="2020-05-26T17:18:51Z">
          <reporter-output>
          </reporter-output>
        </test-method> <!-- storeBillingDetailsLoadCreditCards -->
        <test-method status="PASS" signature="afterMethod()[pri:0, instance:org.jpwh.test.inheritance.TablePerClass@5cc7c2a6]" name="afterMethod" is-config="true" duration-ms="45" started-at="2020-05-26T17:18:51Z" finished-at="2020-05-26T17:18:51Z">
          <reporter-output>
          </reporter-output>
        </test-method> <!-- afterMethod -->
        <test-method status="PASS" signature="beforeMethod()[pri:0, instance:org.jpwh.test.inheritance.TablePerClass@5cc7c2a6]" name="beforeMethod" is-config="true" duration-ms="174" started-at="2020-05-26T17:18:51Z" finished-at="2020-05-26T17:18:52Z">
          <reporter-output>
          </reporter-output>
        </test-method> <!-- beforeMethod -->
        <test-method status="PASS" signature="jdbcBillingDetailsSqlQuery()[pri:0, instance:org.jpwh.test.inheritance.TablePerClass@5cc7c2a6]" name="jdbcBillingDetailsSqlQuery" duration-ms="13" started-at="2020-05-26T17:18:52Z" finished-at="2020-05-26T17:18:52Z">
          <reporter-output>
          </reporter-output>
        </test-method> <!-- jdbcBillingDetailsSqlQuery -->
        <test-method status="PASS" signature="afterMethod()[pri:0, instance:org.jpwh.test.inheritance.TablePerClass@5cc7c2a6]" name="afterMethod" is-config="true" duration-ms="32" started-at="2020-05-26T17:18:52Z" finished-at="2020-05-26T17:18:52Z">
          <reporter-output>
          </reporter-output>
        </test-method> <!-- afterMethod -->
        <test-method status="PASS" signature="beforeMethod()[pri:0, instance:org.jpwh.test.inheritance.TablePerClass@5cc7c2a6]" name="beforeMethod" is-config="true" duration-ms="209" started-at="2020-05-26T17:18:52Z" finished-at="2020-05-26T17:18:52Z">
          <reporter-output>
          </reporter-output>
        </test-method> <!-- beforeMethod -->
        <test-method status="PASS" signature="storeLoadBillingDetails()[pri:0, instance:org.jpwh.test.inheritance.TablePerClass@5cc7c2a6]" name="storeLoadBillingDetails" duration-ms="15" started-at="2020-05-26T17:18:52Z" finished-at="2020-05-26T17:18:52Z">
          <reporter-output>
          </reporter-output>
        </test-method> <!-- storeLoadBillingDetails -->
        <test-method status="PASS" signature="afterMethod()[pri:0, instance:org.jpwh.test.inheritance.TablePerClass@5cc7c2a6]" name="afterMethod" is-config="true" duration-ms="35" started-at="2020-05-26T17:18:52Z" finished-at="2020-05-26T17:18:52Z">
          <reporter-output>
          </reporter-output>
        </test-method> <!-- afterMethod -->
      </class> <!-- org.jpwh.test.inheritance.TablePerClass -->
      <class name="org.jpwh.test.inheritance.PolymorphicOneToMany">
        <test-method status="PASS" signature="beforeClass()[pri:0, instance:org.jpwh.test.inheritance.PolymorphicOneToMany@7946e1f4]" name="beforeClass" is-config="true" duration-ms="0" started-at="2020-05-26T17:18:54Z" finished-at="2020-05-26T17:18:54Z">
          <reporter-output>
          </reporter-output>
        </test-method> <!-- beforeClass -->
        <test-method status="PASS" signature="beforeMethod()[pri:0, instance:org.jpwh.test.inheritance.PolymorphicOneToMany@7946e1f4]" name="beforeMethod" is-config="true" duration-ms="191" started-at="2020-05-26T17:18:54Z" finished-at="2020-05-26T17:18:54Z">
          <reporter-output>
          </reporter-output>
        </test-method> <!-- beforeMethod -->
        <test-method status="PASS" signature="storeAndLoadItemBids()[pri:0, instance:org.jpwh.test.inheritance.PolymorphicOneToMany@7946e1f4]" name="storeAndLoadItemBids" duration-ms="34" started-at="2020-05-26T17:18:54Z" finished-at="2020-05-26T17:18:54Z">
          <reporter-output>
          </reporter-output>
        </test-method> <!-- storeAndLoadItemBids -->
        <test-method status="PASS" signature="afterMethod()[pri:0, instance:org.jpwh.test.inheritance.PolymorphicOneToMany@7946e1f4]" name="afterMethod" is-config="true" duration-ms="45" started-at="2020-05-26T17:18:54Z" finished-at="2020-05-26T17:18:54Z">
          <reporter-output>
          </reporter-output>
        </test-method> <!-- afterMethod -->
      </class> <!-- org.jpwh.test.inheritance.PolymorphicOneToMany -->
      <class name="org.jpwh.test.inheritance.Embeddable">
        <test-method status="PASS" signature="beforeClass()[pri:0, instance:org.jpwh.test.inheritance.Embeddable@3c09711b]" name="beforeClass" is-config="true" duration-ms="0" started-at="2020-05-26T17:18:54Z" finished-at="2020-05-26T17:18:54Z">
          <reporter-output>
          </reporter-output>
        </test-method> <!-- beforeClass -->
        <test-method status="PASS" signature="beforeMethod()[pri:0, instance:org.jpwh.test.inheritance.Embeddable@3c09711b]" name="beforeMethod" is-config="true" duration-ms="124" started-at="2020-05-26T17:18:54Z" finished-at="2020-05-26T17:18:54Z">
          <reporter-output>
          </reporter-output>
        </test-method> <!-- beforeMethod -->
        <test-method status="PASS" signature="storeAndLoad()[pri:0, instance:org.jpwh.test.inheritance.Embeddable@3c09711b]" name="storeAndLoad" duration-ms="9" started-at="2020-05-26T17:18:54Z" finished-at="2020-05-26T17:18:54Z">
          <reporter-output>
          </reporter-output>
        </test-method> <!-- storeAndLoad -->
        <test-method status="PASS" signature="afterMethod()[pri:0, instance:org.jpwh.test.inheritance.Embeddable@3c09711b]" name="afterMethod" is-config="true" duration-ms="39" started-at="2020-05-26T17:18:54Z" finished-at="2020-05-26T17:18:55Z">
          <reporter-output>
          </reporter-output>
        </test-method> <!-- afterMethod -->
      </class> <!-- org.jpwh.test.inheritance.Embeddable -->
      <class name="org.jpwh.test.inheritance.MixedFetchSelect">
        <test-method status="PASS" signature="beforeClass()[pri:0, instance:org.jpwh.test.inheritance.MixedFetchSelect@2669b199]" name="beforeClass" is-config="true" duration-ms="0" started-at="2020-05-26T17:18:55Z" finished-at="2020-05-26T17:18:55Z">
          <reporter-output>
          </reporter-output>
        </test-method> <!-- beforeClass -->
        <test-method status="PASS" signature="beforeMethod()[pri:0, instance:org.jpwh.test.inheritance.MixedFetchSelect@2669b199]" name="beforeMethod" is-config="true" duration-ms="390" started-at="2020-05-26T17:18:55Z" finished-at="2020-05-26T17:18:55Z">
          <reporter-output>
          </reporter-output>
        </test-method> <!-- beforeMethod -->
        <test-method status="PASS" signature="storeBillingDetailsLoadCreditCards()[pri:0, instance:org.jpwh.test.inheritance.MixedFetchSelect@2669b199]" name="storeBillingDetailsLoadCreditCards" duration-ms="9" started-at="2020-05-26T17:18:55Z" finished-at="2020-05-26T17:18:55Z">
          <reporter-output>
          </reporter-output>
        </test-method> <!-- storeBillingDetailsLoadCreditCards -->
        <test-method status="PASS" signature="afterMethod()[pri:0, instance:org.jpwh.test.inheritance.MixedFetchSelect@2669b199]" name="afterMethod" is-config="true" duration-ms="97" started-at="2020-05-26T17:18:55Z" finished-at="2020-05-26T17:18:55Z">
          <reporter-output>
          </reporter-output>
        </test-method> <!-- afterMethod -->
        <test-method status="PASS" signature="beforeMethod()[pri:0, instance:org.jpwh.test.inheritance.MixedFetchSelect@2669b199]" name="beforeMethod" is-config="true" duration-ms="314" started-at="2020-05-26T17:18:55Z" finished-at="2020-05-26T17:18:55Z">
          <reporter-output>
          </reporter-output>
        </test-method> <!-- beforeMethod -->
        <test-method status="PASS" signature="jdbcBillingDetailsSqlQuery()[pri:0, instance:org.jpwh.test.inheritance.MixedFetchSelect@2669b199]" name="jdbcBillingDetailsSqlQuery" duration-ms="12" started-at="2020-05-26T17:18:55Z" finished-at="2020-05-26T17:18:55Z">
          <reporter-output>
          </reporter-output>
        </test-method> <!-- jdbcBillingDetailsSqlQuery -->
        <test-method status="PASS" signature="afterMethod()[pri:0, instance:org.jpwh.test.inheritance.MixedFetchSelect@2669b199]" name="afterMethod" is-config="true" duration-ms="121" started-at="2020-05-26T17:18:55Z" finished-at="2020-05-26T17:18:55Z">
          <reporter-output>
          </reporter-output>
        </test-method> <!-- afterMethod -->
        <test-method status="PASS" signature="beforeMethod()[pri:0, instance:org.jpwh.test.inheritance.MixedFetchSelect@2669b199]" name="beforeMethod" is-config="true" duration-ms="406" started-at="2020-05-26T17:18:55Z" finished-at="2020-05-26T17:18:56Z">
          <reporter-output>
          </reporter-output>
        </test-method> <!-- beforeMethod -->
        <test-method status="PASS" signature="storeLoadBillingDetails()[pri:0, instance:org.jpwh.test.inheritance.MixedFetchSelect@2669b199]" name="storeLoadBillingDetails" duration-ms="9" started-at="2020-05-26T17:18:56Z" finished-at="2020-05-26T17:18:56Z">
          <reporter-output>
          </reporter-output>
        </test-method> <!-- storeLoadBillingDetails -->
        <test-method status="PASS" signature="afterMethod()[pri:0, instance:org.jpwh.test.inheritance.MixedFetchSelect@2669b199]" name="afterMethod" is-config="true" duration-ms="318" started-at="2020-05-26T17:18:56Z" finished-at="2020-05-26T17:18:56Z">
          <reporter-output>
          </reporter-output>
        </test-method> <!-- afterMethod -->
      </class> <!-- org.jpwh.test.inheritance.MixedFetchSelect -->
      <class name="org.jpwh.test.inheritance.MappedSuperclass">
        <test-method status="PASS" signature="beforeMethod()[pri:0, instance:org.jpwh.test.inheritance.MappedSuperclass@b97c004]" name="beforeMethod" is-config="true" duration-ms="104" started-at="2020-05-26T17:18:52Z" finished-at="2020-05-26T17:18:52Z">
          <reporter-output>
          </reporter-output>
        </test-method> <!-- beforeMethod -->
        <test-method status="PASS" signature="beforeClass()[pri:0, instance:org.jpwh.test.inheritance.MappedSuperclass@b97c004]" name="beforeClass" is-config="true" duration-ms="0" started-at="2020-05-26T17:18:52Z" finished-at="2020-05-26T17:18:52Z">
          <reporter-output>
          </reporter-output>
        </test-method> <!-- beforeClass -->
        <test-method status="PASS" signature="storeBillingDetailsLoadCreditCards()[pri:0, instance:org.jpwh.test.inheritance.MappedSuperclass@b97c004]" name="storeBillingDetailsLoadCreditCards" duration-ms="9" started-at="2020-05-26T17:18:52Z" finished-at="2020-05-26T17:18:52Z">
          <reporter-output>
          </reporter-output>
        </test-method> <!-- storeBillingDetailsLoadCreditCards -->
        <test-method status="PASS" signature="afterMethod()[pri:0, instance:org.jpwh.test.inheritance.MappedSuperclass@b97c004]" name="afterMethod" is-config="true" duration-ms="33" started-at="2020-05-26T17:18:52Z" finished-at="2020-05-26T17:18:52Z">
          <reporter-output>
          </reporter-output>
        </test-method> <!-- afterMethod -->
        <test-method status="PASS" signature="beforeMethod()[pri:0, instance:org.jpwh.test.inheritance.MappedSuperclass@b97c004]" name="beforeMethod" is-config="true" duration-ms="89" started-at="2020-05-26T17:18:52Z" finished-at="2020-05-26T17:18:52Z">
          <reporter-output>
          </reporter-output>
        </test-method> <!-- beforeMethod -->
        <test-method status="PASS" signature="jdbcSqlQueryBankAccount()[pri:0, instance:org.jpwh.test.inheritance.MappedSuperclass@b97c004]" name="jdbcSqlQueryBankAccount" duration-ms="10" started-at="2020-05-26T17:18:52Z" finished-at="2020-05-26T17:18:52Z">
          <reporter-output>
          </reporter-output>
        </test-method> <!-- jdbcSqlQueryBankAccount -->
        <test-method status="PASS" signature="afterMethod()[pri:0, instance:org.jpwh.test.inheritance.MappedSuperclass@b97c004]" name="afterMethod" is-config="true" duration-ms="30" started-at="2020-05-26T17:18:52Z" finished-at="2020-05-26T17:18:52Z">
          <reporter-output>
          </reporter-output>
        </test-method> <!-- afterMethod -->
        <test-method status="PASS" signature="beforeMethod()[pri:0, instance:org.jpwh.test.inheritance.MappedSuperclass@b97c004]" name="beforeMethod" is-config="true" duration-ms="97" started-at="2020-05-26T17:18:52Z" finished-at="2020-05-26T17:18:52Z">
          <reporter-output>
          </reporter-output>
        </test-method> <!-- beforeMethod -->
        <test-method status="PASS" signature="jdbcSqlQueryCreditCard()[pri:0, instance:org.jpwh.test.inheritance.MappedSuperclass@b97c004]" name="jdbcSqlQueryCreditCard" duration-ms="11" started-at="2020-05-26T17:18:52Z" finished-at="2020-05-26T17:18:52Z">
          <reporter-output>
          </reporter-output>
        </test-method> <!-- jdbcSqlQueryCreditCard -->
        <test-method status="PASS" signature="afterMethod()[pri:0, instance:org.jpwh.test.inheritance.MappedSuperclass@b97c004]" name="afterMethod" is-config="true" duration-ms="47" started-at="2020-05-26T17:18:52Z" finished-at="2020-05-26T17:18:52Z">
          <reporter-output>
          </reporter-output>
        </test-method> <!-- afterMethod -->
        <test-method status="PASS" signature="beforeMethod()[pri:0, instance:org.jpwh.test.inheritance.MappedSuperclass@b97c004]" name="beforeMethod" is-config="true" duration-ms="100" started-at="2020-05-26T17:18:52Z" finished-at="2020-05-26T17:18:52Z">
          <reporter-output>
          </reporter-output>
        </test-method> <!-- beforeMethod -->
        <test-method status="PASS" signature="storeLoadBillingDetails()[pri:0, instance:org.jpwh.test.inheritance.MappedSuperclass@b97c004]" name="storeLoadBillingDetails" duration-ms="10" started-at="2020-05-26T17:18:52Z" finished-at="2020-05-26T17:18:52Z">
          <reporter-output>
          </reporter-output>
        </test-method> <!-- storeLoadBillingDetails -->
        <test-method status="PASS" signature="afterMethod()[pri:0, instance:org.jpwh.test.inheritance.MappedSuperclass@b97c004]" name="afterMethod" is-config="true" duration-ms="45" started-at="2020-05-26T17:18:52Z" finished-at="2020-05-26T17:18:52Z">
          <reporter-output>
          </reporter-output>
        </test-method> <!-- afterMethod -->
      </class> <!-- org.jpwh.test.inheritance.MappedSuperclass -->
      <class name="org.jpwh.test.inheritance.Mixed">
        <test-method status="PASS" signature="beforeClass()[pri:0, instance:org.jpwh.test.inheritance.Mixed@6574b225]" name="beforeClass" is-config="true" duration-ms="0" started-at="2020-05-26T17:18:53Z" finished-at="2020-05-26T17:18:53Z">
          <reporter-output>
          </reporter-output>
        </test-method> <!-- beforeClass -->
        <test-method status="PASS" signature="beforeMethod()[pri:0, instance:org.jpwh.test.inheritance.Mixed@6574b225]" name="beforeMethod" is-config="true" duration-ms="141" started-at="2020-05-26T17:18:53Z" finished-at="2020-05-26T17:18:54Z">
          <reporter-output>
          </reporter-output>
        </test-method> <!-- beforeMethod -->
        <test-method status="PASS" signature="storeBillingDetailsLoadCreditCards()[pri:0, instance:org.jpwh.test.inheritance.Mixed@6574b225]" name="storeBillingDetailsLoadCreditCards" duration-ms="9" started-at="2020-05-26T17:18:54Z" finished-at="2020-05-26T17:18:54Z">
          <reporter-output>
          </reporter-output>
        </test-method> <!-- storeBillingDetailsLoadCreditCards -->
        <test-method status="PASS" signature="afterMethod()[pri:0, instance:org.jpwh.test.inheritance.Mixed@6574b225]" name="afterMethod" is-config="true" duration-ms="44" started-at="2020-05-26T17:18:54Z" finished-at="2020-05-26T17:18:54Z">
          <reporter-output>
          </reporter-output>
        </test-method> <!-- afterMethod -->
        <test-method status="PASS" signature="beforeMethod()[pri:0, instance:org.jpwh.test.inheritance.Mixed@6574b225]" name="beforeMethod" is-config="true" duration-ms="217" started-at="2020-05-26T17:18:54Z" finished-at="2020-05-26T17:18:54Z">
          <reporter-output>
          </reporter-output>
        </test-method> <!-- beforeMethod -->
        <test-method status="PASS" signature="jdbcBillingDetailsSqlQuery()[pri:0, instance:org.jpwh.test.inheritance.Mixed@6574b225]" name="jdbcBillingDetailsSqlQuery" duration-ms="12" started-at="2020-05-26T17:18:54Z" finished-at="2020-05-26T17:18:54Z">
          <reporter-output>
          </reporter-output>
        </test-method> <!-- jdbcBillingDetailsSqlQuery -->
        <test-method status="PASS" signature="afterMethod()[pri:0, instance:org.jpwh.test.inheritance.Mixed@6574b225]" name="afterMethod" is-config="true" duration-ms="44" started-at="2020-05-26T17:18:54Z" finished-at="2020-05-26T17:18:54Z">
          <reporter-output>
          </reporter-output>
        </test-method> <!-- afterMethod -->
        <test-method status="PASS" signature="beforeMethod()[pri:0, instance:org.jpwh.test.inheritance.Mixed@6574b225]" name="beforeMethod" is-config="true" duration-ms="165" started-at="2020-05-26T17:18:54Z" finished-at="2020-05-26T17:18:54Z">
          <reporter-output>
          </reporter-output>
        </test-method> <!-- beforeMethod -->
        <test-method status="PASS" signature="storeLoadBillingDetails()[pri:0, instance:org.jpwh.test.inheritance.Mixed@6574b225]" name="storeLoadBillingDetails" duration-ms="8" started-at="2020-05-26T17:18:54Z" finished-at="2020-05-26T17:18:54Z">
          <reporter-output>
          </reporter-output>
        </test-method> <!-- storeLoadBillingDetails -->
        <test-method status="PASS" signature="afterMethod()[pri:0, instance:org.jpwh.test.inheritance.Mixed@6574b225]" name="afterMethod" is-config="true" duration-ms="30" started-at="2020-05-26T17:18:54Z" finished-at="2020-05-26T17:18:54Z">
          <reporter-output>
          </reporter-output>
        </test-method> <!-- afterMethod -->
      </class> <!-- org.jpwh.test.inheritance.Mixed -->
      <class name="org.jpwh.test.inheritance.PolymorphicManyToOne">
        <test-method status="PASS" signature="beforeClass()[pri:0, instance:org.jpwh.test.inheritance.PolymorphicManyToOne@4590c9c3]" name="beforeClass" is-config="true" duration-ms="2" started-at="2020-05-26T17:18:56Z" finished-at="2020-05-26T17:18:56Z">
          <reporter-output>
          </reporter-output>
        </test-method> <!-- beforeClass -->
        <test-method status="PASS" signature="beforeMethod()[pri:0, instance:org.jpwh.test.inheritance.PolymorphicManyToOne@4590c9c3]" name="beforeMethod" is-config="true" duration-ms="149" started-at="2020-05-26T17:18:56Z" finished-at="2020-05-26T17:18:56Z">
          <reporter-output>
          </reporter-output>
        </test-method> <!-- beforeMethod -->
        <test-method status="PASS" signature="storeAndLoadItemBids()[pri:0, instance:org.jpwh.test.inheritance.PolymorphicManyToOne@4590c9c3]" name="storeAndLoadItemBids" duration-ms="18" started-at="2020-05-26T17:18:56Z" finished-at="2020-05-26T17:18:56Z">
          <reporter-output>
          </reporter-output>
        </test-method> <!-- storeAndLoadItemBids -->
        <test-method status="PASS" signature="afterMethod()[pri:0, instance:org.jpwh.test.inheritance.PolymorphicManyToOne@4590c9c3]" name="afterMethod" is-config="true" duration-ms="37" started-at="2020-05-26T17:18:56Z" finished-at="2020-05-26T17:18:56Z">
          <reporter-output>
          </reporter-output>
        </test-method> <!-- afterMethod -->
      </class> <!-- org.jpwh.test.inheritance.PolymorphicManyToOne -->
      <class name="org.jpwh.test.inheritance.SingleTable">
        <test-method status="PASS" signature="beforeClass()[pri:0, instance:org.jpwh.test.inheritance.SingleTable@5056dfcb]" name="beforeClass" is-config="true" duration-ms="1" started-at="2020-05-26T17:18:56Z" finished-at="2020-05-26T17:18:56Z">
          <reporter-output>
          </reporter-output>
        </test-method> <!-- beforeClass -->
        <test-method status="PASS" signature="beforeMethod()[pri:0, instance:org.jpwh.test.inheritance.SingleTable@5056dfcb]" name="beforeMethod" is-config="true" duration-ms="96" started-at="2020-05-26T17:18:56Z" finished-at="2020-05-26T17:18:56Z">
          <reporter-output>
          </reporter-output>
        </test-method> <!-- beforeMethod -->
        <test-method status="PASS" signature="storeBillingDetailsLoadCreditCards()[pri:0, instance:org.jpwh.test.inheritance.SingleTable@5056dfcb]" name="storeBillingDetailsLoadCreditCards" duration-ms="8" started-at="2020-05-26T17:18:56Z" finished-at="2020-05-26T17:18:57Z">
          <reporter-output>
          </reporter-output>
        </test-method> <!-- storeBillingDetailsLoadCreditCards -->
        <test-method status="PASS" signature="afterMethod()[pri:0, instance:org.jpwh.test.inheritance.SingleTable@5056dfcb]" name="afterMethod" is-config="true" duration-ms="27" started-at="2020-05-26T17:18:57Z" finished-at="2020-05-26T17:18:57Z">
          <reporter-output>
          </reporter-output>
        </test-method> <!-- afterMethod -->
        <test-method status="PASS" signature="beforeMethod()[pri:0, instance:org.jpwh.test.inheritance.SingleTable@5056dfcb]" name="beforeMethod" is-config="true" duration-ms="93" started-at="2020-05-26T17:18:57Z" finished-at="2020-05-26T17:18:57Z">
          <reporter-output>
          </reporter-output>
        </test-method> <!-- beforeMethod -->
        <test-method status="PASS" signature="jdbcBillingDetailsSqlQuery()[pri:0, instance:org.jpwh.test.inheritance.SingleTable@5056dfcb]" name="jdbcBillingDetailsSqlQuery" duration-ms="13" started-at="2020-05-26T17:18:57Z" finished-at="2020-05-26T17:18:57Z">
          <reporter-output>
          </reporter-output>
        </test-method> <!-- jdbcBillingDetailsSqlQuery -->
        <test-method status="PASS" signature="afterMethod()[pri:0, instance:org.jpwh.test.inheritance.SingleTable@5056dfcb]" name="afterMethod" is-config="true" duration-ms="50" started-at="2020-05-26T17:18:57Z" finished-at="2020-05-26T17:18:57Z">
          <reporter-output>
          </reporter-output>
        </test-method> <!-- afterMethod -->
        <test-method status="PASS" signature="beforeMethod()[pri:0, instance:org.jpwh.test.inheritance.SingleTable@5056dfcb]" name="beforeMethod" is-config="true" duration-ms="138" started-at="2020-05-26T17:18:57Z" finished-at="2020-05-26T17:18:57Z">
          <reporter-output>
          </reporter-output>
        </test-method> <!-- beforeMethod -->
        <test-method status="PASS" signature="jdbcCreditCardSqlQuery()[pri:0, instance:org.jpwh.test.inheritance.SingleTable@5056dfcb]" name="jdbcCreditCardSqlQuery" duration-ms="7" started-at="2020-05-26T17:18:57Z" finished-at="2020-05-26T17:18:57Z">
          <reporter-output>
          </reporter-output>
        </test-method> <!-- jdbcCreditCardSqlQuery -->
        <test-method status="PASS" signature="afterMethod()[pri:0, instance:org.jpwh.test.inheritance.SingleTable@5056dfcb]" name="afterMethod" is-config="true" duration-ms="29" started-at="2020-05-26T17:18:57Z" finished-at="2020-05-26T17:18:57Z">
          <reporter-output>
          </reporter-output>
        </test-method> <!-- afterMethod -->
        <test-method status="PASS" signature="beforeMethod()[pri:0, instance:org.jpwh.test.inheritance.SingleTable@5056dfcb]" name="beforeMethod" is-config="true" duration-ms="85" started-at="2020-05-26T17:18:57Z" finished-at="2020-05-26T17:18:57Z">
          <reporter-output>
          </reporter-output>
        </test-method> <!-- beforeMethod -->
        <test-method status="PASS" signature="storeLoadBillingDetails()[pri:0, instance:org.jpwh.test.inheritance.SingleTable@5056dfcb]" name="storeLoadBillingDetails" duration-ms="7" started-at="2020-05-26T17:18:57Z" finished-at="2020-05-26T17:18:57Z">
          <reporter-output>
          </reporter-output>
        </test-method> <!-- storeLoadBillingDetails -->
        <test-method status="PASS" signature="afterMethod()[pri:0, instance:org.jpwh.test.inheritance.SingleTable@5056dfcb]" name="afterMethod" is-config="true" duration-ms="30" started-at="2020-05-26T17:18:57Z" finished-at="2020-05-26T17:18:57Z">
          <reporter-output>
          </reporter-output>
        </test-method> <!-- afterMethod -->
      </class> <!-- org.jpwh.test.inheritance.SingleTable -->
    </test> <!-- Inheritance Mappings -->
    <test name="Advanced Mappings" duration-ms="3582" started-at="2020-05-26T11:48:57Z" finished-at="2020-05-26T11:49:01Z">
      <class name="org.jpwh.test.advanced.GeneratedProperties">
        <test-method status="PASS" signature="beforeClass()[pri:0, instance:org.jpwh.test.advanced.GeneratedProperties@5f375618]" name="beforeClass" is-config="true" duration-ms="1" started-at="2020-05-26T17:18:57Z" finished-at="2020-05-26T17:18:57Z">
          <reporter-output>
          </reporter-output>
        </test-method> <!-- beforeClass -->
        <test-method status="PASS" signature="beforeMethod()[pri:0, instance:org.jpwh.test.advanced.GeneratedProperties@5f375618]" name="beforeMethod" is-config="true" duration-ms="238" started-at="2020-05-26T17:18:57Z" finished-at="2020-05-26T17:18:58Z">
          <reporter-output>
          </reporter-output>
        </test-method> <!-- beforeMethod -->
[...]
	at sun.reflect.NativeMethodAccessorImpl.invoke(NativeMethodAccessorImpl.java:62)
	at sun.reflect.DelegatingMethodAccessorImpl.invoke(DelegatingMethodAccessorImpl.java:43)
	at java.lang.reflect.Method.invoke(Method.java:498)
	at org.testng.internal.MethodInvocationHelper.invokeMethod(MethodInvocationHelper.java:84)
	at org.testng.internal.Invoker.invokeMethod(Invoker.java:714)
	at org.testng.internal.Invoker.invokeTestMethod(Invoker.java:901)
	at org.testng.internal.Invoker.invokeTestMethods(Invoker.java:1231)
	at org.testng.internal.TestMethodWorker.invokeTestMethods(TestMethodWorker.java:127)
	at org.testng.internal.TestMethodWorker.run(TestMethodWorker.java:111)
	at org.testng.TestRunner.privateRun(TestRunner.java:767)
	at org.testng.TestRunner.run(TestRunner.java:617)
	at org.testng.SuiteRunner.runTest(SuiteRunner.java:334)
	at org.testng.SuiteRunner.runSequentially(SuiteRunner.java:329)
	at org.testng.SuiteRunner.privateRun(SuiteRunner.java:291)
	at org.testng.SuiteRunner.run(SuiteRunner.java:240)
	at org.testng.SuiteRunnerWorker.runSuite(SuiteRunnerWorker.java:52)
	at org.testng.SuiteRunnerWorker.run(SuiteRunnerWorker.java:86)
	at org.testng.TestNG.runSuitesSequentially(TestNG.java:1224)
	at org.testng.TestNG.runSuitesLocally(TestNG.java:1149)
	at org.testng.TestNG.run(TestNG.java:1057)
	at org.apache.maven.surefire.testng.TestNGExecutor.run(TestNGExecutor.java:122)
	at org.apache.maven.surefire.testng.TestNGXmlTestSuite.execute(TestNGXmlTestSuite.java:92)
	at org.apache.maven.surefire.testng.TestNGProvider.invoke(TestNGProvider.java:101)
	at sun.reflect.NativeMethodAccessorImpl.invoke0(Native Method)
	at sun.reflect.NativeMethodAccessorImpl.invoke(NativeMethodAccessorImpl.java:62)
	at sun.reflect.DelegatingMethodAccessorImpl.invoke(DelegatingMethodAccessorImpl.java:43)
	at java.lang.reflect.Method.invoke(Method.java:498)
	at org.apache.maven.surefire.util.ReflectionUtils.invokeMethodWithArray(ReflectionUtils.java:164)
	at org.apache.maven.surefire.booter.ProviderFactory$ProviderProxy.invoke(ProviderFactory.java:110)
	at org.apache.maven.surefire.booter.SurefireStarter.invokeProvider(SurefireStarter.java:172)
	at org.apache.maven.surefire.booter.SurefireStarter.runSuitesInProcessWhenForked(SurefireStarter.java:104)
	at org.apache.maven.surefire.booter.ForkedBooter.main(ForkedBooter.java:70)
]]>
            </full-stacktrace>
          </exception> <!-- javax.persistence.EntityNotFoundException -->
          <reporter-output>
          </reporter-output>
        </test-method> <!-- bulkDelete -->
        <test-method status="PASS" signature="afterMethod()[pri:0, instance:org.jpwh.test.bulkbatch.BulkStatementsJPQL@7b69c6ba]" name="afterMethod" is-config="true" duration-ms="31" started-at="2020-05-26T17:21:30Z" finished-at="2020-05-26T17:21:30Z">
          <reporter-output>
          </reporter-output>
        </test-method> <!-- afterMethod -->
        <test-method status="PASS" signature="beforeMethod()[pri:0, instance:org.jpwh.test.bulkbatch.BulkStatementsJPQL@7b69c6ba]" name="beforeMethod" is-config="true" duration-ms="92" started-at="2020-05-26T17:21:30Z" finished-at="2020-05-26T17:21:30Z">
          <reporter-output>
          </reporter-output>
        </test-method> <!-- beforeMethod -->
        <test-method status="PASS" signature="bulkInsert()[pri:0, instance:org.jpwh.test.bulkbatch.BulkStatementsJPQL@7b69c6ba]" name="bulkInsert" duration-ms="21" started-at="2020-05-26T17:21:30Z" finished-at="2020-05-26T17:21:30Z">
          <reporter-output>
          </reporter-output>
        </test-method> <!-- bulkInsert -->
        <test-method status="PASS" signature="afterMethod()[pri:0, instance:org.jpwh.test.bulkbatch.BulkStatementsJPQL@7b69c6ba]" name="afterMethod" is-config="true" duration-ms="33" started-at="2020-05-26T17:21:30Z" finished-at="2020-05-26T17:21:30Z">
          <reporter-output>
          </reporter-output>
        </test-method> <!-- afterMethod -->
        <test-method status="PASS" signature="beforeMethod()[pri:0, instance:org.jpwh.test.bulkbatch.BulkStatementsJPQL@7b69c6ba]" name="beforeMethod" is-config="true" duration-ms="140" started-at="2020-05-26T17:21:30Z" finished-at="2020-05-26T17:21:30Z">
          <reporter-output>
          </reporter-output>
        </test-method> <!-- beforeMethod -->
        <test-method status="PASS" signature="bulkUpdate()[pri:0, instance:org.jpwh.test.bulkbatch.BulkStatementsJPQL@7b69c6ba]" name="bulkUpdate" duration-ms="20" started-at="2020-05-26T17:21:30Z" finished-at="2020-05-26T17:21:30Z">
          <reporter-output>
          </reporter-output>
        </test-method> <!-- bulkUpdate -->
        <test-method status="PASS" signature="afterMethod()[pri:0, instance:org.jpwh.test.bulkbatch.BulkStatementsJPQL@7b69c6ba]" name="afterMethod" is-config="true" duration-ms="84" started-at="2020-05-26T17:21:30Z" finished-at="2020-05-26T17:21:30Z">
          <reporter-output>
          </reporter-output>
        </test-method> <!-- afterMethod -->
        <test-method status="PASS" signature="beforeMethod()[pri:0, instance:org.jpwh.test.bulkbatch.BulkStatementsJPQL@7b69c6ba]" name="beforeMethod" is-config="true" duration-ms="142" started-at="2020-05-26T17:21:30Z" finished-at="2020-05-26T17:21:30Z">
          <reporter-output>
          </reporter-output>
        </test-method> <!-- beforeMethod -->
        <test-method status="PASS" signature="bulkUpdateInheritance()[pri:0, instance:org.jpwh.test.bulkbatch.BulkStatementsJPQL@7b69c6ba]" name="bulkUpdateInheritance" duration-ms="15" started-at="2020-05-26T17:21:30Z" finished-at="2020-05-26T17:21:30Z">
          <reporter-output>
          </reporter-output>
        </test-method> <!-- bulkUpdateInheritance -->
        <test-method status="PASS" signature="afterMethod()[pri:0, instance:org.jpwh.test.bulkbatch.BulkStatementsJPQL@7b69c6ba]" name="afterMethod" is-config="true" duration-ms="42" started-at="2020-05-26T17:21:30Z" finished-at="2020-05-26T17:21:30Z">
          <reporter-output>
          </reporter-output>
        </test-method> <!-- afterMethod -->
        <test-method status="PASS" signature="beforeMethod()[pri:0, instance:org.jpwh.test.bulkbatch.BulkStatementsJPQL@7b69c6ba]" name="beforeMethod" is-config="true" duration-ms="218" started-at="2020-05-26T17:21:30Z" finished-at="2020-05-26T17:21:30Z">
          <reporter-output>
          </reporter-output>
        </test-method> <!-- beforeMethod -->
        <test-method status="PASS" signature="bulkUpdateVersioned()[pri:0, instance:org.jpwh.test.bulkbatch.BulkStatementsJPQL@7b69c6ba]" name="bulkUpdateVersioned" duration-ms="11" started-at="2020-05-26T17:21:30Z" finished-at="2020-05-26T17:21:30Z">
          <reporter-output>
          </reporter-output>
        </test-method> <!-- bulkUpdateVersioned -->
        <test-method status="PASS" signature="afterMethod()[pri:0, instance:org.jpwh.test.bulkbatch.BulkStatementsJPQL@7b69c6ba]" name="afterMethod" is-config="true" duration-ms="30" started-at="2020-05-26T17:21:30Z" finished-at="2020-05-26T17:21:30Z">
          <reporter-output>
          </reporter-output>
        </test-method> <!-- afterMethod -->
      </class> <!-- org.jpwh.test.bulkbatch.BulkStatementsJPQL -->
      <class name="org.jpwh.test.cache.SecondLevel">
        <test-method status="PASS" signature="beforeMethod()[pri:0, instance:org.jpwh.test.cache.SecondLevel@46daef40]" name="beforeMethod" is-config="true" duration-ms="238" started-at="2020-05-26T17:21:28Z" finished-at="2020-05-26T17:21:28Z">
          <reporter-output>
          </reporter-output>
        </test-method> <!-- beforeMethod -->
        <test-method status="PASS" signature="beforeClass()[pri:0, instance:org.jpwh.test.cache.SecondLevel@46daef40]" name="beforeClass" is-config="true" duration-ms="0" started-at="2020-05-26T17:21:28Z" finished-at="2020-05-26T17:21:28Z">
          <reporter-output>
          </reporter-output>
        </test-method> <!-- beforeClass -->
        <test-method status="PASS" signature="cacheBehavior()[pri:0, instance:org.jpwh.test.cache.SecondLevel@46daef40]" name="cacheBehavior" duration-ms="53" started-at="2020-05-26T17:21:28Z" finished-at="2020-05-26T17:21:28Z">
          <reporter-output>
          </reporter-output>
        </test-method> <!-- cacheBehavior -->
        <test-method status="PASS" signature="afterMethod()[pri:0, instance:org.jpwh.test.cache.SecondLevel@46daef40]" name="afterMethod" is-config="true" duration-ms="51" started-at="2020-05-26T17:21:28Z" finished-at="2020-05-26T17:21:28Z">
          <reporter-output>
          </reporter-output>
        </test-method> <!-- afterMethod -->
        <test-method status="PASS" signature="beforeMethod()[pri:0, instance:org.jpwh.test.cache.SecondLevel@46daef40]" name="beforeMethod" is-config="true" duration-ms="125" started-at="2020-05-26T17:21:28Z" finished-at="2020-05-26T17:21:28Z">
          <reporter-output>
          </reporter-output>
        </test-method> <!-- beforeMethod -->
        <test-method status="PASS" signature="cacheControl()[pri:0, instance:org.jpwh.test.cache.SecondLevel@46daef40]" name="cacheControl" duration-ms="18" started-at="2020-05-26T17:21:28Z" finished-at="2020-05-26T17:21:28Z">
          <reporter-output>
          </reporter-output>
        </test-method> <!-- cacheControl -->
        <test-method status="PASS" signature="afterMethod()[pri:0, instance:org.jpwh.test.cache.SecondLevel@46daef40]" name="afterMethod" is-config="true" duration-ms="156" started-at="2020-05-26T17:21:28Z" finished-at="2020-05-26T17:21:28Z">
          <reporter-output>
          </reporter-output>
        </test-method> <!-- afterMethod -->
        <test-method status="PASS" signature="beforeMethod()[pri:0, instance:org.jpwh.test.cache.SecondLevel@46daef40]" name="beforeMethod" is-config="true" duration-ms="123" started-at="2020-05-26T17:21:28Z" finished-at="2020-05-26T17:21:29Z">
          <reporter-output>
          </reporter-output>
        </test-method> <!-- beforeMethod -->
        <test-method status="PASS" signature="cacheModes()[pri:0, instance:org.jpwh.test.cache.SecondLevel@46daef40]" name="cacheModes" duration-ms="17" started-at="2020-05-26T17:21:29Z" finished-at="2020-05-26T17:21:29Z">
          <reporter-output>
          </reporter-output>
        </test-method> <!-- cacheModes -->
        <test-method status="PASS" signature="afterMethod()[pri:0, instance:org.jpwh.test.cache.SecondLevel@46daef40]" name="afterMethod" is-config="true" duration-ms="42" started-at="2020-05-26T17:21:29Z" finished-at="2020-05-26T17:21:29Z">
          <reporter-output>
          </reporter-output>
        </test-method> <!-- afterMethod -->
        <test-method status="PASS" signature="beforeMethod()[pri:0, instance:org.jpwh.test.cache.SecondLevel@46daef40]" name="beforeMethod" is-config="true" duration-ms="187" started-at="2020-05-26T17:21:29Z" finished-at="2020-05-26T17:21:29Z">
          <reporter-output>
          </reporter-output>
        </test-method> <!-- beforeMethod -->
        <test-method status="PASS" signature="cacheNaturalId()[pri:0, instance:org.jpwh.test.cache.SecondLevel@46daef40]" name="cacheNaturalId" duration-ms="33" started-at="2020-05-26T17:21:29Z" finished-at="2020-05-26T17:21:29Z">
          <reporter-output>
          </reporter-output>
        </test-method> <!-- cacheNaturalId -->
        <test-method status="PASS" signature="afterMethod()[pri:0, instance:org.jpwh.test.cache.SecondLevel@46daef40]" name="afterMethod" is-config="true" duration-ms="33" started-at="2020-05-26T17:21:29Z" finished-at="2020-05-26T17:21:29Z">
          <reporter-output>
          </reporter-output>
        </test-method> <!-- afterMethod -->
        <test-method status="PASS" signature="beforeMethod()[pri:0, instance:org.jpwh.test.cache.SecondLevel@46daef40]" name="beforeMethod" is-config="true" duration-ms="111" started-at="2020-05-26T17:21:29Z" finished-at="2020-05-26T17:21:29Z">
          <reporter-output>
          </reporter-output>
        </test-method> <!-- beforeMethod -->
        <test-method status="PASS" signature="cacheQueryResults()[pri:0, instance:org.jpwh.test.cache.SecondLevel@46daef40]" name="cacheQueryResults" duration-ms="19" started-at="2020-05-26T17:21:29Z" finished-at="2020-05-26T17:21:29Z">
          <reporter-output>
          </reporter-output>
        </test-method> <!-- cacheQueryResults -->
        <test-method status="PASS" signature="afterMethod()[pri:0, instance:org.jpwh.test.cache.SecondLevel@46daef40]" name="afterMethod" is-config="true" duration-ms="27" started-at="2020-05-26T17:21:29Z" finished-at="2020-05-26T17:21:29Z">
          <reporter-output>
          </reporter-output>
        </test-method> <!-- afterMethod -->
      </class> <!-- org.jpwh.test.cache.SecondLevel -->
      <class name="org.jpwh.test.bulkbatch.BulkStatementsCriteria">
        <test-method status="PASS" signature="beforeMethod()[pri:0, instance:org.jpwh.test.bulkbatch.BulkStatementsCriteria@4923ab24]" name="beforeMethod" is-config="true" duration-ms="302" started-at="2020-05-26T17:21:27Z" finished-at="2020-05-26T17:21:27Z">
          <reporter-output>
          </reporter-output>
        </test-method> <!-- beforeMethod -->
        <test-method status="PASS" signature="beforeClass()[pri:0, instance:org.jpwh.test.bulkbatch.BulkStatementsCriteria@4923ab24]" name="beforeClass" is-config="true" duration-ms="0" started-at="2020-05-26T17:21:27Z" finished-at="2020-05-26T17:21:27Z">
          <reporter-output>
          </reporter-output>
        </test-method> <!-- beforeClass -->
        <test-method status="PASS" signature="bulkDelete()[pri:0, instance:org.jpwh.test.bulkbatch.BulkStatementsCriteria@4923ab24]" name="bulkDelete" duration-ms="35" started-at="2020-05-26T17:21:27Z" finished-at="2020-05-26T17:21:27Z">
          <exception class="javax.persistence.EntityNotFoundException">
            <message>
              <![CDATA[No row with the given identifier exists: [org.jpwh.model.bulkbatch.CreditCard#302]]]>
            </message>
            <full-stacktrace>
              <![CDATA[javax.persistence.EntityNotFoundException: No row with the given identifier exists: [org.jpwh.model.bulkbatch.CreditCard#302]
	at org.hibernate.jpa.spi.AbstractEntityManagerImpl.convert(AbstractEntityManagerImpl.java:1674)
	at org.hibernate.jpa.spi.AbstractEntityManagerImpl.convert(AbstractEntityManagerImpl.java:1619)
	at org.hibernate.jpa.spi.AbstractEntityManagerImpl.refresh(AbstractEntityManagerImpl.java:1234)
	at org.hibernate.jpa.spi.AbstractEntityManagerImpl.refresh(AbstractEntityManagerImpl.java:1192)
	at org.jpwh.test.bulkbatch.BulkStatementsCriteria.bulkDelete(BulkStatementsCriteria.java:219)
	at sun.reflect.NativeMethodAccessorImpl.invoke0(Native Method)
	at sun.reflect.NativeMethodAccessorImpl.invoke(NativeMethodAccessorImpl.java:62)
	at sun.reflect.DelegatingMethodAccessorImpl.invoke(DelegatingMethodAccessorImpl.java:43)
	at java.lang.reflect.Method.invoke(Method.java:498)
	at org.testng.internal.MethodInvocationHelper.invokeMethod(MethodInvocationHelper.java:84)
	at org.testng.internal.Invoker.invokeMethod(Invoker.java:714)
	at org.testng.internal.Invoker.invokeTestMethod(Invoker.java:901)
	at org.testng.internal.Invoker.invokeTestMethods(Invoker.java:1231)
	at org.testng.internal.TestMethodWorker.invokeTestMethods(TestMethodWorker.java:127)
	at org.testng.internal.TestMethodWorker.run(TestMethodWorker.java:111)
	at org.testng.TestRunner.privateRun(TestRunner.java:767)
	at org.testng.TestRunner.run(TestRunner.java:617)
	at org.testng.SuiteRunner.runTest(SuiteRunner.java:334)
	at org.testng.SuiteRunner.runSequentially(SuiteRunner.java:329)
	at org.testng.SuiteRunner.privateRun(SuiteRunner.java:291)
	at org.testng.SuiteRunner.run(SuiteRunner.java:240)
	at org.testng.SuiteRunnerWorker.runSuite(SuiteRunnerWorker.java:52)
	at org.testng.SuiteRunnerWorker.run(SuiteRunnerWorker.java:86)
	at org.testng.TestNG.runSuitesSequentially(TestNG.java:1224)
	at org.testng.TestNG.runSuitesLocally(TestNG.java:1149)
	at org.testng.TestNG.run(TestNG.java:1057)
	at org.apache.maven.surefire.testng.TestNGExecutor.run(TestNGExecutor.java:122)
	at org.apache.maven.surefire.testng.TestNGXmlTestSuite.execute(TestNGXmlTestSuite.java:92)
	at org.apache.maven.surefire.testng.TestNGProvider.invoke(TestNGProvider.java:101)
	at sun.reflect.NativeMethodAccessorImpl.invoke0(Native Method)
	at sun.reflect.NativeMethodAccessorImpl.invoke(NativeMethodAccessorImpl.java:62)
	at sun.reflect.DelegatingMethodAccessorImpl.invoke(DelegatingMethodAccessorImpl.java:43)
	at java.lang.reflect.Method.invoke(Method.java:498)
	at org.apache.maven.surefire.util.ReflectionUtils.invokeMethodWithArray(ReflectionUtils.java:164)
	at org.apache.maven.surefire.booter.ProviderFactory$ProviderProxy.invoke(ProviderFactory.java:110)
	at org.apache.maven.surefire.booter.SurefireStarter.invokeProvider(SurefireStarter.java:172)
	at org.apache.maven.surefire.booter.SurefireStarter.runSuitesInProcessWhenForked(SurefireStarter.java:104)
	at org.apache.maven.surefire.booter.ForkedBooter.main(ForkedBooter.java:70)
]]>
            </full-stacktrace>
          </exception> <!-- javax.persistence.EntityNotFoundException -->
          <reporter-output>
          </reporter-output>
        </test-method> <!-- bulkDelete -->
        <test-method status="PASS" signature="afterMethod()[pri:0, instance:org.jpwh.test.bulkbatch.BulkStatementsCriteria@4923ab24]" name="afterMethod" is-config="true" duration-ms="48" started-at="2020-05-26T17:21:27Z" finished-at="2020-05-26T17:21:27Z">
          <reporter-output>
          </reporter-output>
        </test-method> <!-- afterMethod -->
        <test-method status="PASS" signature="beforeMethod()[pri:0, instance:org.jpwh.test.bulkbatch.BulkStatementsCriteria@4923ab24]" name="beforeMethod" is-config="true" duration-ms="127" started-at="2020-05-26T17:21:27Z" finished-at="2020-05-26T17:21:27Z">
          <reporter-output>
          </reporter-output>
        </test-method> <!-- beforeMethod -->
        <test-method status="PASS" signature="bulkUpdate()[pri:0, instance:org.jpwh.test.bulkbatch.BulkStatementsCriteria@4923ab24]" name="bulkUpdate" duration-ms="22" started-at="2020-05-26T17:21:27Z" finished-at="2020-05-26T17:21:27Z">
          <reporter-output>
          </reporter-output>
        </test-method> <!-- bulkUpdate -->
        <test-method status="PASS" signature="afterMethod()[pri:0, instance:org.jpwh.test.bulkbatch.BulkStatementsCriteria@4923ab24]" name="afterMethod" is-config="true" duration-ms="43" started-at="2020-05-26T17:21:27Z" finished-at="2020-05-26T17:21:28Z">
          <reporter-output>
          </reporter-output>
        </test-method> <!-- afterMethod -->
        <test-method status="PASS" signature="beforeMethod()[pri:0, instance:org.jpwh.test.bulkbatch.BulkStatementsCriteria@4923ab24]" name="beforeMethod" is-config="true" duration-ms="143" started-at="2020-05-26T17:21:28Z" finished-at="2020-05-26T17:21:28Z">
          <reporter-output>
          </reporter-output>
        </test-method> <!-- beforeMethod -->
        <test-method status="PASS" signature="bulkUpdateVersioned()[pri:0, instance:org.jpwh.test.bulkbatch.BulkStatementsCriteria@4923ab24]" name="bulkUpdateVersioned" duration-ms="32" started-at="2020-05-26T17:21:28Z" finished-at="2020-05-26T17:21:28Z">
          <reporter-output>
          </reporter-output>
        </test-method> <!-- bulkUpdateVersioned -->
        <test-method status="PASS" signature="afterMethod()[pri:0, instance:org.jpwh.test.bulkbatch.BulkStatementsCriteria@4923ab24]" name="afterMethod" is-config="true" duration-ms="83" started-at="2020-05-26T17:21:28Z" finished-at="2020-05-26T17:21:28Z">
          <reporter-output>
          </reporter-output>
        </test-method> <!-- afterMethod -->
      </class> <!-- org.jpwh.test.bulkbatch.BulkStatementsCriteria -->
    </test> <!-- Scaling -->
  </suite> <!-- AllTests - examples -->
</testng-results>
