<?xml version="1.0" encoding="UTF-8"?>
<!-- Generated by org.testng.reporters.JUnitXMLReporter -->
<testsuite hostname="prajapati" name="Advanced Mappings" tests="16" failures="0" timestamp="26 May 2020 11:49:01 GMT" time="3.582" errors="0">
  <testcase name="storeAndLoadZipcode" time="0.01" classname="org.jpwh.test.converter.Converters"/>
  <testcase name="storeLoadMonetaryAmount" time="0.044" classname="org.jpwh.test.converter.Converters"/>
  <testcase name="storeLoadInitialPrice" time="0.045" classname="org.jpwh.test.advanced.GeneratedProperties"/>
  <testcase name="storeLoadLastModified" time="0.017" classname="org.jpwh.test.advanced.GeneratedProperties"/>
  <testcase name="storeLoadFormula" time="0.01" classname="org.jpwh.test.advanced.DerivedProperties"/>
  <testcase name="storeLoadFormulaSubselect" time="0.011" classname="org.jpwh.test.advanced.DerivedProperties"/>
  <testcase name="storeLoadTemporal" time="0.007" classname="org.jpwh.test.advanced.Temporal"/>
  <testcase name="storeLoadMonetaryAmount" time="0.019" classname="org.jpwh.test.converter.UserTypes"/>
  <testcase name="storeLoadTransform" time="0.013" classname="org.jpwh.test.advanced.TransformingColumns"/>
  <testcase name="loadSubselectEntity" time="0.018" classname="org.jpwh.test.advanced.MappedSubselect"/>
  <testcase name="storeLoadEnum" time="0.006" classname="org.jpwh.test.advanced.Enum"/>
  <testcase name="storeAndLoadUsers" time="0.006" classname="org.jpwh.test.advanced.NestedComponents"/>
  <testcase name="storeLoadAccessType" time="0.006" classname="org.jpwh.test.advanced.AccessType"/>
  <testcase name="storeLoadOverride" time="0.005" classname="org.jpwh.test.advanced.BooleanOverride"/>
  <testcase name="storeLoadLocator" time="0.02" classname="org.jpwh.test.advanced.LazyProperties"/>
  <testcase name="storeLoadProperties" time="0.009" classname="org.jpwh.test.advanced.LazyProperties"/>
</testsuite> <!-- Advanced Mappings -->
