<?xml version="1.0" encoding="UTF-8"?>
<!-- Generated by org.testng.reporters.JUnitXMLReporter -->
<testsuite hostname="prajapati" name="Collections/Associations" tests="36" failures="0" timestamp="26 May 2020 11:49:07 GMT" time="6.572" errors="0">
  <testcase name="storeLoadCollection" time="0.045" classname="org.jpwh.test.collections.MapOfStringsEmbeddables"/>
  <testcase name="storeAndLoadItemBids" time="0.01" classname="org.jpwh.test.associations.MapsMapKey"/>
  <testcase name="storeLoadCollection" time="0.007" classname="org.jpwh.test.collections.MapOfStrings"/>
  <testcase name="storeAndLoadItemBids" time="0.015" classname="org.jpwh.test.associations.OneToManyOnDeleteCascade"/>
  <testcase name="storeLoadCollection" time="0.007" classname="org.jpwh.test.collections.SetOfEmbeddables"/>
  <testcase name="storeAndLoadUserAddress" time="0.009" classname="org.jpwh.test.associations.OneToOneJoinTable"/>
  <testcase name="storeNonUniqueRelationship" time="0.017" classname="org.jpwh.test.associations.OneToOneJoinTable"/>
  <testcase name="storeLoadCollection" time="0.007" classname="org.jpwh.test.collections.SortedMapOfStrings"/>
  <testcase name="storeLoadCategoryItems" time="0.016" classname="org.jpwh.test.associations.ManyToManyBidirectional"/>
  <testcase name="storeLoadCollection" time="0.007" classname="org.jpwh.test.collections.SortedSetOfStrings"/>
  <testcase name="storeLoadCategoryItems" time="0.015" classname="org.jpwh.test.associations.MapsTernary"/>
  <testcase name="storeLoadCollection" time="0.012" classname="org.jpwh.test.collections.SetOfStringsOrderBy"/>
  <testcase name="storeAndLoadItemUsers" time="0.016" classname="org.jpwh.test.associations.OneToManyJoinTable"/>
  <testcase name="storeLoadCollection" time="0.012" classname="org.jpwh.test.collections.BagOfEmbeddables"/>
  <testcase name="storeAndLoadItemBids" time="0.01" classname="org.jpwh.test.associations.OneToManyList"/>
  <testcase name="storeLoadCollection" time="0.006" classname="org.jpwh.test.collections.EmbeddableSetOfStrings"/>
  <testcase name="storeAndLoadUserAddress" time="0.021" classname="org.jpwh.test.associations.OneToOneForeignGenerator"/>
  <testcase name="storeLoadCollection" time="0.007" classname="org.jpwh.test.collections.SetOfEmbeddablesOrderBy"/>
  <testcase name="storeAndLoadUserAddress" time="0.006" classname="org.jpwh.test.associations.OneToOneSharedPrimaryKey"/>
  <testcase name="storeLoadCollection" time="0.006" classname="org.jpwh.test.collections.MapOfStringsOrderBy"/>
  <testcase name="storeAndLoadUserAddress" time="0.006" classname="org.jpwh.test.associations.OneToOneForeignKey"/>
  <testcase name="storeNonUniqueRelationship" time="0.006" classname="org.jpwh.test.associations.OneToOneForeignKey"/>
  <testcase name="storeLoadCollection" time="0.006" classname="org.jpwh.test.collections.BagOfStrings"/>
  <testcase name="storeAndLoadItemBids" time="0.025" classname="org.jpwh.test.associations.OneToManyCascadeRemove"/>
  <testcase name="storeLoadCollection" time="0.006" classname="org.jpwh.test.collections.BagOfStringsOrderBy"/>
  <testcase name="storeLoadCategoryItems" time="0.016" classname="org.jpwh.test.associations.ManyToManyLinkEntity"/>
  <testcase name="storeLoadCollection" time="0.006" classname="org.jpwh.test.collections.ListOfStrings"/>
  <testcase name="storeAndLoadItemBids" time="0.014" classname="org.jpwh.test.associations.OneToManyOrphanRemoval"/>
  <testcase name="storeLoadCollection" time="0.026" classname="org.jpwh.test.collections.MapOfEmbeddables"/>
  <testcase name="storeAndLoadItemBids" time="0.013" classname="org.jpwh.test.associations.OneToManyBag"/>
  <testcase name="storeLoadCollection" time="0.007" classname="org.jpwh.test.collections.SetOfStrings"/>
  <testcase name="storeAndLoadItemBids" time="0.015" classname="org.jpwh.test.associations.OneToManyBidirectional"/>
  <testcase name="storeLoadCategoryItems" time="0.018" classname="org.jpwh.test.associations.ManyToManyTernary"/>
  <testcase name="storeAndLoadItemBids" time="0.011" classname="org.jpwh.test.associations.OneToManyCascadePersist"/>
  <testcase name="storeAndLoadUsersShipments" time="0.019" classname="org.jpwh.test.associations.OneToManyEmbeddable"/>
  <testcase name="storeAndLoadUsersShipments" time="0.009" classname="org.jpwh.test.associations.OneToManyEmbeddableJoinTable"/>
</testsuite> <!-- Collections/Associations -->
