<?xml version="1.0" encoding="UTF-8"?>
<!-- Generated by org.testng.reporters.JUnitXMLReporter -->
<testsuite hostname="prajapati" name="Complex Schemas" tests="14" failures="0" timestamp="26 May 2020 11:49:10 GMT" time="2.339" errors="0">
  <testcase name="storeLoad" time="0.004" classname="org.jpwh.test.complexschemas.CompositeKeyEmbeddedId"/>
  <testcase name="configurePersistenceUnit" time="0.0" classname="org.jpwh.test.complexschemas.CustomSchema"/>
  <testcase name="storeLoadCheckColumnInvalid" time="0.004" classname="org.jpwh.test.complexschemas.CustomSchema"/>
  <testcase name="storeLoadCheckSingleRowInvalid" time="0.004" classname="org.jpwh.test.complexschemas.CustomSchema"/>
  <testcase name="storeLoadCheckSubselectValid" time="0.005" classname="org.jpwh.test.complexschemas.CustomSchema"/>
  <testcase name="storeLoadDomainInvalid" time="0.003" classname="org.jpwh.test.complexschemas.CustomSchema"/>
  <testcase name="storeLoadUniqueMultiColumnValid" time="0.004" classname="org.jpwh.test.complexschemas.CustomSchema"/>
  <testcase name="storeLoadValid" time="0.004" classname="org.jpwh.test.complexschemas.CustomSchema"/>
  <testcase name="storeLoad" time="0.004" classname="org.jpwh.test.complexschemas.CompositeKeyReadOnly"/>
  <testcase name="storeLoad" time="0.006" classname="org.jpwh.test.complexschemas.CompositeKeyMapsId"/>
  <testcase name="storeLoad" time="0.01" classname="org.jpwh.test.complexschemas.CompositeKeyManyToOne"/>
  <testcase name="storeLoad" time="0.003" classname="org.jpwh.test.complexschemas.NaturalPrimaryKey"/>
  <testcase name="storeLoad" time="0.01" classname="org.jpwh.test.complexschemas.NaturalForeignKey"/>
  <testcase name="storeAndLoadUsers" time="0.004" classname="org.jpwh.test.complexschemas.SecondaryTable"/>
</testsuite> <!-- Complex Schemas -->
