<?xml version="1.0" encoding="UTF-8"?>
<!-- Generated by org.testng.reporters.JUnitXMLReporter -->
<testsuite hostname="prajapati" name="Concurrency Control" tests="12" failures="0" timestamp="26 May 2020 11:49:14 GMT" time="4.55" errors="0">
  <testcase name="firstCommitWins" time="0.022" classname="org.jpwh.test.concurrency.Versioning"/>
  <testcase name="forceIncrement" time="0.025" classname="org.jpwh.test.concurrency.Versioning"/>
  <testcase name="manualVersionChecking" time="0.042" classname="org.jpwh.test.concurrency.Versioning"/>
  <testcase name="extendedLock" time="0.019" classname="org.jpwh.test.concurrency.Locking"/>
  <testcase name="findLock" time="0.08" classname="org.jpwh.test.concurrency.Locking"/>
  <testcase name="pessimisticReadWrite" time="2.058" classname="org.jpwh.test.concurrency.Locking"/>
  <testcase name="firstCommitWins" time="0.011" classname="org.jpwh.test.concurrency.Locking"/>
  <testcase name="forceIncrement" time="0.021" classname="org.jpwh.test.concurrency.Locking"/>
  <testcase name="manualVersionChecking" time="0.044" classname="org.jpwh.test.concurrency.Locking"/>
  <testcase name="firstCommitWins" time="0.012" classname="org.jpwh.test.concurrency.VersioningAll"/>
  <testcase name="autoCommit" time="0.026" classname="org.jpwh.test.concurrency.NonTransactional"/>
  <testcase name="firstCommitWins" time="0.011" classname="org.jpwh.test.concurrency.VersioningTimestamp"/>
</testsuite> <!-- Concurrency Control -->
