<?xml version="1.0" encoding="UTF-8"?>
<!-- Generated by org.testng.reporters.JUnitXMLReporter -->
<testsuite hostname="prajapati" name="Conversations" tests="3" failures="0" timestamp="26 May 2020 11:49:15 GMT" time="0.546" errors="0">
  <testcase name="businessKeyEquality" time="0.004" classname="org.jpwh.test.conversation.Detached"/>
  <testcase name="conversationCreateItem" time="0.005" classname="org.jpwh.test.conversation.ExtendedPC"/>
  <testcase name="conversationEditItem" time="0.021" classname="org.jpwh.test.conversation.ExtendedPC"/>
</testsuite> <!-- Conversations -->
