<?xml version="1.0" encoding="UTF-8"?>
<!-- Generated by org.testng.reporters.JUnitXMLReporter -->
<testsuite hostname="prajapati" name="Custom SQL" tests="4" failures="0" timestamp="26 May 2020 11:51:27 GMT" time="4.162" errors="0">
  <testcase name="delete" time="0.018" classname="org.jpwh.test.customsql.CustomSQL"/>
  <testcase name="read" time="0.019" classname="org.jpwh.test.customsql.CustomSQL"/>
  <testcase name="readRestrictedCollection" time="0.008" classname="org.jpwh.test.customsql.CustomSQL"/>
  <testcase name="update" time="0.014" classname="org.jpwh.test.customsql.CustomSQL"/>
</testsuite> <!-- Custom SQL -->
