<?xml version="1.0" encoding="UTF-8"?>
<!-- Generated by org.testng.reporters.JUnitXMLReporter -->
<testsuite hostname="prajapati" name="Fetching" tests="21" failures="0" timestamp="26 May 2020 11:49:19 GMT" time="4.512" errors="0">
  <testcase name="lazyCollections" time="0.028" classname="org.jpwh.test.fetching.LazyProxyCollections"/>
  <testcase name="lazyEntityProxies" time="0.059" classname="org.jpwh.test.fetching.LazyProxyCollections"/>
  <testcase name="lazyBasic" time="0.009" classname="org.jpwh.test.fetching.LazyInterception"/>
  <testcase name="noUserProxy" time="0.01" classname="org.jpwh.test.fetching.LazyInterception"/>
  <testcase name="fetchCollectionBatches" time="0.042" classname="org.jpwh.test.fetching.Batch"/>
  <testcase name="fetchProxyBatches" time="0.015" classname="org.jpwh.test.fetching.Batch"/>
  <testcase name="fetchEagerJoin" time="0.019" classname="org.jpwh.test.fetching.EagerJoin"/>
  <testcase name="fetchBids" time="0.048" classname="org.jpwh.test.fetching.EagerQuery"/>
  <testcase name="fetchUsers" time="0.017" classname="org.jpwh.test.fetching.EagerQuery"/>
  <testcase name="loadBidBidderItem" time="0.021" classname="org.jpwh.test.fetching.FetchLoadGraph"/>
  <testcase name="loadBidBidderItemSellerBids" time="0.018" classname="org.jpwh.test.fetching.FetchLoadGraph"/>
  <testcase name="loadItem" time="0.014" classname="org.jpwh.test.fetching.FetchLoadGraph"/>
  <testcase name="loadItemSeller" time="0.023" classname="org.jpwh.test.fetching.FetchLoadGraph"/>
  <testcase name="fetchBids" time="0.015" classname="org.jpwh.test.fetching.NPlusOneSelects"/>
  <testcase name="fetchUsers" time="0.014" classname="org.jpwh.test.fetching.NPlusOneSelects"/>
  <testcase name="fetchWithProfile" time="0.015" classname="org.jpwh.test.fetching.Profile"/>
  <testcase name="immutableEntity" time="0.013" classname="org.jpwh.test.fetching.ReadOnly"/>
  <testcase name="selectiveReadOnly" time="0.016" classname="org.jpwh.test.fetching.ReadOnly"/>
  <testcase name="fetchEagerSelect" time="0.012" classname="org.jpwh.test.fetching.EagerSelect"/>
  <testcase name="fetchCollections" time="0.014" classname="org.jpwh.test.fetching.CartesianProduct"/>
  <testcase name="fetchCollectionSubselect" time="0.019" classname="org.jpwh.test.fetching.Subselect"/>
</testsuite> <!-- Fetching -->
