<?xml version="1.0" encoding="UTF-8"?>
<!-- Generated by org.testng.reporters.JUnitXMLReporter -->
<testsuite hostname="prajapati" name="Filtering" tests="8" failures="0" timestamp="26 May 2020 11:49:25 GMT" time="5.982" errors="0">
  <testcase name="detachMerge" time="0.014" classname="org.jpwh.test.filtering.Cascade"/>
  <testcase name="refresh" time="0.016" classname="org.jpwh.test.filtering.Cascade"/>
  <testcase name="replicate" time="0.009" classname="org.jpwh.test.filtering.Cascade"/>
  <testcase name="filterCollection" time="0.011" classname="org.jpwh.test.filtering.DynamicFilter"/>
  <testcase name="filterItems" time="0.014" classname="org.jpwh.test.filtering.DynamicFilter"/>
  <testcase name="auditLogging" time="0.102" classname="org.jpwh.test.filtering.Envers"/>
  <testcase name="notifyPostPersist" time="0.005" classname="org.jpwh.test.filtering.Callback"/>
  <testcase name="writeAuditLog" time="0.022" classname="org.jpwh.test.filtering.AuditLogging"/>
</testsuite> <!-- Filtering -->
