<?xml version="1.0" encoding="UTF-8"?>
<!-- Generated by org.testng.reporters.JUnitXMLReporter -->
<testsuite hostname="prajapati" name="Inheritance Mappings" tests="24" failures="0" timestamp="26 May 2020 11:48:57 GMT" time="5.816" errors="0">
  <testcase name="storeBillingDetailsLoadCreditCards" time="0.01" classname="org.jpwh.test.inheritance.TablePerClass"/>
  <testcase name="jdbcBillingDetailsSqlQuery" time="0.013" classname="org.jpwh.test.inheritance.TablePerClass"/>
  <testcase name="storeLoadBillingDetails" time="0.015" classname="org.jpwh.test.inheritance.TablePerClass"/>
  <testcase name="storeBillingDetailsLoadCreditCards" time="0.009" classname="org.jpwh.test.inheritance.MappedSuperclass"/>
  <testcase name="jdbcSqlQueryBankAccount" time="0.01" classname="org.jpwh.test.inheritance.MappedSuperclass"/>
  <testcase name="jdbcSqlQueryCreditCard" time="0.011" classname="org.jpwh.test.inheritance.MappedSuperclass"/>
  <testcase name="storeLoadBillingDetails" time="0.01" classname="org.jpwh.test.inheritance.MappedSuperclass"/>
  <testcase name="storeBillingDetailsLoadCreditCards" time="0.032" classname="org.jpwh.test.inheritance.Joined"/>
  <testcase name="jdbcBillingDetailsSqlQuery" time="0.013" classname="org.jpwh.test.inheritance.Joined"/>
  <testcase name="jdbcCreditCardSqlQuery" time="0.011" classname="org.jpwh.test.inheritance.Joined"/>
  <testcase name="storeLoadBillingDetails" time="0.009" classname="org.jpwh.test.inheritance.Joined"/>
  <testcase name="storeBillingDetailsLoadCreditCards" time="0.009" classname="org.jpwh.test.inheritance.Mixed"/>
  <testcase name="jdbcBillingDetailsSqlQuery" time="0.012" classname="org.jpwh.test.inheritance.Mixed"/>
  <testcase name="storeLoadBillingDetails" time="0.008" classname="org.jpwh.test.inheritance.Mixed"/>
  <testcase name="storeAndLoadItemBids" time="0.034" classname="org.jpwh.test.inheritance.PolymorphicOneToMany"/>
  <testcase name="storeAndLoad" time="0.009" classname="org.jpwh.test.inheritance.Embeddable"/>
  <testcase name="storeBillingDetailsLoadCreditCards" time="0.009" classname="org.jpwh.test.inheritance.MixedFetchSelect"/>
  <testcase name="jdbcBillingDetailsSqlQuery" time="0.012" classname="org.jpwh.test.inheritance.MixedFetchSelect"/>
  <testcase name="storeLoadBillingDetails" time="0.009" classname="org.jpwh.test.inheritance.MixedFetchSelect"/>
  <testcase name="storeAndLoadItemBids" time="0.018" classname="org.jpwh.test.inheritance.PolymorphicManyToOne"/>
  <testcase name="storeBillingDetailsLoadCreditCards" time="0.008" classname="org.jpwh.test.inheritance.SingleTable"/>
  <testcase name="jdbcBillingDetailsSqlQuery" time="0.013" classname="org.jpwh.test.inheritance.SingleTable"/>
  <testcase name="jdbcCreditCardSqlQuery" time="0.007" classname="org.jpwh.test.inheritance.SingleTable"/>
  <testcase name="storeLoadBillingDetails" time="0.007" classname="org.jpwh.test.inheritance.SingleTable"/>
</testsuite> <!-- Inheritance Mappings -->
