<?xml version="1.0" encoding="UTF-8"?>
<!-- Generated by org.testng.reporters.JUnitXMLReporter -->
<testsuite hostname="prajapati" name="Querying" tests="35" failures="0" timestamp="26 May 2020 11:51:23 GMT" time="117.625" errors="0">
  <testcase name="executeQueries" time="0.033" classname="org.jpwh.test.querying.jpql.Grouping"/>
  <testcase name="createHibernateQueries" time="0.031" classname="org.jpwh.test.querying.CreateExecuteQueries"/>
  <testcase name="createNamedQueries" time="0.021" classname="org.jpwh.test.querying.CreateExecuteQueries"/>
  <testcase name="createQueries" time="0.024" classname="org.jpwh.test.querying.CreateExecuteQueries"/>
  <testcase name="createTypedQueries" time="0.043" classname="org.jpwh.test.querying.CreateExecuteQueries"/>
  <testcase name="executeQueries" time="0.042" classname="org.jpwh.test.querying.CreateExecuteQueries"/>
  <testcase name="namedQueries" time="0.028" classname="org.jpwh.test.querying.CreateExecuteQueries"/>
  <testcase name="pagination" time="0.019" classname="org.jpwh.test.querying.CreateExecuteQueries"/>
  <testcase name="parameterBinding" time="0.036" classname="org.jpwh.test.querying.CreateExecuteQueries"/>
  <testcase name="queryHints" time="0.023" classname="org.jpwh.test.querying.CreateExecuteQueries"/>
  <testcase name="executeQueries" time="0.048" classname="org.jpwh.test.querying.sql.HibernateSQLQueries"/>
  <testcase name="executeRecursiveQueries" time="0.046" classname="org.jpwh.test.querying.sql.HibernateSQLQueries"/>
  <testcase name="executeQueries" time="0.037" classname="org.jpwh.test.querying.jpql.Selection"/>
  <testcase name="executeQueries" time="0.032" classname="org.jpwh.test.querying.sql.NativeQueries"/>
  <testcase name="executeRecursiveQueries" time="0.017" classname="org.jpwh.test.querying.sql.NativeQueries"/>
  <testcase name="executeQueries" time="0.021" classname="org.jpwh.test.querying.jpql.Subselects"/>
  <testcase name="executeQueries" time="0.038" classname="org.jpwh.test.querying.criteria.Grouping"/>
  <testcase name="executeQueries" time="0.038" classname="org.jpwh.test.querying.jpql.Restriction"/>
  <testcase name="executeQueriesWithFunctions" time="0.018" classname="org.jpwh.test.querying.jpql.Restriction"/>
  <testcase name="executeQueries" time="0.037" classname="org.jpwh.test.querying.criteria.Selection"/>
  <testcase name="executeQueries" time="0.028" classname="org.jpwh.test.querying.jpql.Projection"/>
  <testcase name="executeQueriesWithFunctions" time="0.016" classname="org.jpwh.test.querying.jpql.Projection"/>
  <testcase name="executeQueries" time="0.057" classname="org.jpwh.test.querying.criteria.Joins"/>
  <testcase name="executeQueries" time="0.029" classname="org.jpwh.test.querying.criteria.Subselects"/>
  <testcase name="executeQueries" time="0.067" classname="org.jpwh.test.querying.criteria.Restriction"/>
  <testcase name="executeQueriesWithFunctions" time="0.017" classname="org.jpwh.test.querying.criteria.Restriction"/>
  <testcase name="executeQueries" time="0.054" classname="org.jpwh.test.querying.criteria.Projection"/>
  <testcase name="executeQueriesWithFunctions" time="0.015" classname="org.jpwh.test.querying.criteria.Projection"/>
  <testcase name="executeQueries" time="0.029" classname="org.jpwh.test.querying.advanced.FilterCollections"/>
  <testcase name="executeQueries" time="0.049" classname="org.jpwh.test.querying.advanced.HibernateCriteria"/>
  <testcase name="foo" time="0.017" classname="org.jpwh.test.querying.advanced.HibernateCriteria"/>
  <testcase name="queryItems" time="0.017" classname="org.jpwh.test.querying.sql.JDBCFallback"/>
  <testcase name="executeQueries" time="0.026" classname="org.jpwh.test.querying.jpql.Joins"/>
  <testcase name="executeQueries" time="0.016" classname="org.jpwh.test.querying.criteria.Typesafe"/>
  <testcase name="executeQueries" time="0.016" classname="org.jpwh.test.querying.advanced.TransformResults"/>
</testsuite> <!-- Querying -->
