<?xml version="1.0" encoding="UTF-8"?>
<!-- Generated by org.testng.reporters.JUnitXMLReporter -->
<testsuite hostname="prajapati" name="Scaling" tests="17" failures="0" timestamp="26 May 2020 11:51:43 GMT" time="16.279" errors="0">
  <testcase name="bulkDelete" time="0.035" classname="org.jpwh.test.bulkbatch.BulkStatementsCriteria"/>
  <testcase name="bulkUpdate" time="0.022" classname="org.jpwh.test.bulkbatch.BulkStatementsCriteria"/>
  <testcase name="bulkUpdateVersioned" time="0.032" classname="org.jpwh.test.bulkbatch.BulkStatementsCriteria"/>
  <testcase name="cacheBehavior" time="0.053" classname="org.jpwh.test.cache.SecondLevel"/>
  <testcase name="cacheControl" time="0.018" classname="org.jpwh.test.cache.SecondLevel"/>
  <testcase name="cacheModes" time="0.017" classname="org.jpwh.test.cache.SecondLevel"/>
  <testcase name="cacheNaturalId" time="0.033" classname="org.jpwh.test.cache.SecondLevel"/>
  <testcase name="cacheQueryResults" time="0.019" classname="org.jpwh.test.cache.SecondLevel"/>
  <testcase name="bulkUpdate" time="0.012" classname="org.jpwh.test.bulkbatch.BulkStatementsSQL"/>
  <testcase name="bulkUpdateHibernate" time="0.011" classname="org.jpwh.test.bulkbatch.BulkStatementsSQL"/>
  <testcase name="bulkDelete" time="0.019" classname="org.jpwh.test.bulkbatch.BulkStatementsJPQL"/>
  <testcase name="bulkInsert" time="0.021" classname="org.jpwh.test.bulkbatch.BulkStatementsJPQL"/>
  <testcase name="bulkUpdate" time="0.02" classname="org.jpwh.test.bulkbatch.BulkStatementsJPQL"/>
  <testcase name="bulkUpdateInheritance" time="0.015" classname="org.jpwh.test.bulkbatch.BulkStatementsJPQL"/>
  <testcase name="bulkUpdateVersioned" time="0.011" classname="org.jpwh.test.bulkbatch.BulkStatementsJPQL"/>
  <testcase name="batchInsertUpdate" time="7.731" classname="org.jpwh.test.bulkbatch.BatchInsertUpdate"/>
  <testcase name="batchInsertUpdateWithStatelessSession" time="4.744" classname="org.jpwh.test.bulkbatch.BatchInsertUpdate"/>
</testsuite> <!-- Scaling -->
