<?xml version="1.0" encoding="UTF-8"?>
<!-- Generated by org.testng.reporters.JUnitXMLReporter -->
<testsuite hostname="prajapati" name="Simple Mappings" tests="24" failures="0" timestamp="26 May 2020 11:48:51 GMT" time="7.644" errors="0">
  <testcase name="checkMetadataOverride" time="0.0" classname="org.jpwh.test.simple.CRUDMetadataOverrideXML"/>
  <testcase name="storeAndQueryItems" time="0.066" classname="org.jpwh.test.simple.CRUDMetadataOverrideXML"/>
  <testcase name="storeAndQueryItems" time="0.014" classname="org.jpwh.test.simple.CRUDMetadataHBMXML"/>
  <testcase name="accessDynamicMetamodel" time="0.0" classname="org.jpwh.test.simple.AccessJPAMetamodel"/>
  <testcase name="accessStaticMetamodel" time="0.0" classname="org.jpwh.test.simple.AccessJPAMetamodel"/>
  <testcase name="queryStaticMetamodel" time="0.104" classname="org.jpwh.test.simple.AccessJPAMetamodel"/>
  <testcase name="basicUOW" time="0.006" classname="org.jpwh.test.simple.SimpleTransitions"/>
  <testcase name="detach" time="0.018" classname="org.jpwh.test.simple.SimpleTransitions"/>
  <testcase name="flushModeType" time="0.015" classname="org.jpwh.test.simple.SimpleTransitions"/>
  <testcase name="makePersistent" time="0.007" classname="org.jpwh.test.simple.SimpleTransitions"/>
  <testcase name="makeTransient" time="0.017" classname="org.jpwh.test.simple.SimpleTransitions"/>
  <testcase name="mergeDetached" time="0.018" classname="org.jpwh.test.simple.SimpleTransitions"/>
  <testcase name="refresh" time="0.031" classname="org.jpwh.test.simple.SimpleTransitions"/>
  <testcase name="replicate" time="0.014" classname="org.jpwh.test.simple.SimpleTransitions"/>
  <testcase name="retrievePersistent" time="0.018" classname="org.jpwh.test.simple.SimpleTransitions"/>
  <testcase name="retrievePersistentReference" time="0.011" classname="org.jpwh.test.simple.SimpleTransitions"/>
  <testcase name="scopeOfIdentity" time="0.009" classname="org.jpwh.test.simple.SimpleTransitions"/>
  <testcase name="storeAndQueryItems" time="0.01" classname="org.jpwh.test.simple.CRUDMetadataXML"/>
  <testcase name="storeAndLoadInvalidUsers" time="0.012" classname="org.jpwh.test.simple.MappingEmbeddables"/>
  <testcase name="storeAndLoadUsers" time="0.005" classname="org.jpwh.test.simple.MappingEmbeddables"/>
  <testcase name="storeAndLoadBids" time="0.013" classname="org.jpwh.test.simple.MappingManyToOne"/>
  <testcase name="linkBidAndItem" time="0.0" classname="org.jpwh.test.simple.ModelOperations"/>
  <testcase name="validateItem" time="0.019" classname="org.jpwh.test.simple.ModelOperations"/>
  <testcase name="storeAndQueryItems" time="0.009" classname="org.jpwh.test.simple.CRUD"/>
</testsuite> <!-- Simple Mappings -->
